{"C:\\Users\\kfir2\\Desktop\\Colman\\Eliav\\Assi01\\Web_Class_01\\server.ts": {"path":"C:\\Users\\kfir2\\Desktop\\Colman\\Eliav\\Assi01\\Web_Class_01\\server.ts","statementMap":{"0":{"start":{"line":1,"column":0},"end":{"line":1,"column":43}},"1":{"start":{"line":2,"column":0},"end":{"line":2,"column":43}},"2":{"start":{"line":3,"column":0},"end":{"line":3,"column":41}},"3":{"start":{"line":4,"column":0},"end":{"line":4,"column":28}},"4":{"start":{"line":5,"column":0},"end":{"line":5,"column":32}},"5":{"start":{"line":6,"column":0},"end":{"line":6,"column":37}},"6":{"start":{"line":7,"column":0},"end":{"line":7,"column":52}},"7":{"start":{"line":8,"column":0},"end":{"line":8,"column":46}},"8":{"start":{"line":9,"column":0},"end":{"line":9,"column":46}},"9":{"start":{"line":10,"column":0},"end":{"line":10,"column":44}},"10":{"start":{"line":12,"column":0},"end":{"line":12,"column":16}},"11":{"start":{"line":13,"column":21},"end":{"line":13,"column":30}},"12":{"start":{"line":14,"column":13},"end":{"line":14,"column":29}},"13":{"start":{"line":16,"column":0},"end":{"line":16,"column":47}},"14":{"start":{"line":17,"column":11},"end":{"line":17,"column":30}},"15":{"start":{"line":19,"column":0},"end":{"line":19,"column":48}},"16":{"start":{"line":19,"column":26},"end":{"line":19,"column":46}},"17":{"start":{"line":20,"column":0},"end":{"line":20,"column":60}},"18":{"start":{"line":20,"column":22},"end":{"line":20,"column":58}},"19":{"start":{"line":22,"column":0},"end":{"line":22,"column":27}},"20":{"start":{"line":23,"column":0},"end":{"line":23,"column":51}},"21":{"start":{"line":25,"column":0},"end":{"line":25,"column":36}},"22":{"start":{"line":26,"column":0},"end":{"line":26,"column":30}},"23":{"start":{"line":27,"column":0},"end":{"line":27,"column":30}},"24":{"start":{"line":28,"column":0},"end":{"line":28,"column":28}},"25":{"start":{"line":30,"column":23},"end":{"line":46,"column":1}},"26":{"start":{"line":31,"column":27},"end":{"line":42,"column":6}},"27":{"start":{"line":43,"column":18},"end":{"line":43,"column":46}},"28":{"start":{"line":44,"column":4},"end":{"line":44,"column":66}},"29":{"start":{"line":30,"column":13},"end":{"line":30,"column":23}},"30":{"start":{"line":48,"column":23},"end":{"line":59,"column":1}},"31":{"start":{"line":49,"column":2},"end":{"line":58,"column":5}},"32":{"start":{"line":50,"column":4},"end":{"line":57,"column":9}},"33":{"start":{"line":53,"column":8},"end":{"line":53,"column":21}},"34":{"start":{"line":56,"column":8},"end":{"line":56,"column":20}},"35":{"start":{"line":48,"column":13},"end":{"line":48,"column":23}}},"fnMap":{"0":{"name":"(anonymous_1)","decl":{"start":{"line":19,"column":15},"end":{"line":19,"column":16}},"loc":{"start":{"line":19,"column":26},"end":{"line":19,"column":46}}},"1":{"name":"(anonymous_2)","decl":{"start":{"line":20,"column":16},"end":{"line":20,"column":19}},"loc":{"start":{"line":20,"column":22},"end":{"line":20,"column":58}}},"2":{"name":"(anonymous_3)","decl":{"start":{"line":30,"column":23},"end":{"line":30,"column":24}},"loc":{"start":{"line":30,"column":40},"end":{"line":46,"column":1}}},"3":{"name":"(anonymous_4)","decl":{"start":{"line":48,"column":23},"end":{"line":48,"column":26}},"loc":{"start":{"line":48,"column":28},"end":{"line":59,"column":1}}},"4":{"name":"(anonymous_5)","decl":{"start":{"line":49,"column":30},"end":{"line":49,"column":31}},"loc":{"start":{"line":49,"column":50},"end":{"line":58,"column":3}}},"5":{"name":"(anonymous_6)","decl":{"start":{"line":52,"column":12},"end":{"line":52,"column":15}},"loc":{"start":{"line":52,"column":17},"end":{"line":54,"column":7}}},"6":{"name":"(anonymous_7)","decl":{"start":{"line":55,"column":13},"end":{"line":55,"column":14}},"loc":{"start":{"line":55,"column":21},"end":{"line":57,"column":7}}}},"branchMap":{},"s":{"0":4,"1":4,"2":4,"3":4,"4":4,"5":4,"6":4,"7":4,"8":4,"9":4,"10":4,"11":4,"12":4,"13":4,"14":4,"15":4,"16":0,"17":4,"18":4,"19":4,"20":4,"21":4,"22":4,"23":4,"24":4,"25":4,"26":0,"27":0,"28":0,"29":4,"30":4,"31":4,"32":4,"33":4,"34":0,"35":4},"f":{"0":0,"1":4,"2":0,"3":4,"4":4,"5":4,"6":0},"b":{}}
,"C:\\Users\\kfir2\\Desktop\\Colman\\Eliav\\Assi01\\Web_Class_01\\controllers\\auth_controller.ts": {"path":"C:\\Users\\kfir2\\Desktop\\Colman\\Eliav\\Assi01\\Web_Class_01\\controllers\\auth_controller.ts","statementMap":{"0":{"start":{"line":2,"column":0},"end":{"line":2,"column":28}},"1":{"start":{"line":3,"column":0},"end":{"line":3,"column":46}},"2":{"start":{"line":4,"column":0},"end":{"line":4,"column":68}},"3":{"start":{"line":6,"column":17},"end":{"line":20,"column":2}},"4":{"start":{"line":6,"column":55},"end":{"line":20,"column":2}},"5":{"start":{"line":7,"column":2},"end":{"line":19,"column":3}},"6":{"start":{"line":8,"column":21},"end":{"line":8,"column":38}},"7":{"start":{"line":9,"column":17},"end":{"line":9,"column":41}},"8":{"start":{"line":10,"column":27},"end":{"line":10,"column":60}},"9":{"start":{"line":11,"column":17},"end":{"line":15,"column":6}},"10":{"start":{"line":16,"column":4},"end":{"line":16,"column":31}},"11":{"start":{"line":18,"column":4},"end":{"line":18,"column":30}},"12":{"start":{"line":22,"column":14},"end":{"line":59,"column":2}},"13":{"start":{"line":22,"column":52},"end":{"line":59,"column":2}},"14":{"start":{"line":23,"column":2},"end":{"line":58,"column":3}},"15":{"start":{"line":24,"column":17},"end":{"line":24,"column":67}},"16":{"start":{"line":25,"column":4},"end":{"line":28,"column":5}},"17":{"start":{"line":26,"column":6},"end":{"line":26,"column":57}},"18":{"start":{"line":27,"column":6},"end":{"line":27,"column":13}},"19":{"start":{"line":29,"column":26},"end":{"line":31,"column":null}},"20":{"start":{"line":33,"column":4},"end":{"line":36,"column":5}},"21":{"start":{"line":34,"column":6},"end":{"line":34,"column":57}},"22":{"start":{"line":35,"column":6},"end":{"line":35,"column":13}},"23":{"start":{"line":37,"column":4},"end":{"line":40,"column":5}},"24":{"start":{"line":38,"column":6},"end":{"line":38,"column":43}},"25":{"start":{"line":39,"column":6},"end":{"line":39,"column":13}},"26":{"start":{"line":41,"column":19},"end":{"line":41,"column":53}},"27":{"start":{"line":42,"column":4},"end":{"line":45,"column":5}},"28":{"start":{"line":43,"column":6},"end":{"line":43,"column":43}},"29":{"start":{"line":44,"column":6},"end":{"line":44,"column":13}},"30":{"start":{"line":46,"column":4},"end":{"line":48,"column":5}},"31":{"start":{"line":47,"column":6},"end":{"line":47,"column":29}},"32":{"start":{"line":49,"column":4},"end":{"line":49,"column":48}},"33":{"start":{"line":50,"column":4},"end":{"line":50,"column":22}},"34":{"start":{"line":51,"column":4},"end":{"line":55,"column":7}},"35":{"start":{"line":57,"column":4},"end":{"line":57,"column":30}},"36":{"start":{"line":61,"column":15},"end":{"line":69,"column":2}},"37":{"start":{"line":61,"column":53},"end":{"line":69,"column":2}},"38":{"start":{"line":62,"column":2},"end":{"line":68,"column":3}},"39":{"start":{"line":63,"column":17},"end":{"line":63,"column":68}},"40":{"start":{"line":64,"column":4},"end":{"line":64,"column":22}},"41":{"start":{"line":65,"column":4},"end":{"line":65,"column":36}},"42":{"start":{"line":67,"column":4},"end":{"line":67,"column":33}},"43":{"start":{"line":71,"column":16},"end":{"line":96,"column":2}},"44":{"start":{"line":71,"column":54},"end":{"line":96,"column":2}},"45":{"start":{"line":72,"column":2},"end":{"line":95,"column":3}},"46":{"start":{"line":73,"column":17},"end":{"line":73,"column":68}},"47":{"start":{"line":74,"column":4},"end":{"line":77,"column":5}},"48":{"start":{"line":75,"column":6},"end":{"line":75,"column":35}},"49":{"start":{"line":76,"column":6},"end":{"line":76,"column":13}},"50":{"start":{"line":78,"column":19},"end":{"line":78,"column":42}},"51":{"start":{"line":79,"column":4},"end":{"line":82,"column":5}},"52":{"start":{"line":80,"column":6},"end":{"line":80,"column":43}},"53":{"start":{"line":81,"column":6},"end":{"line":81,"column":13}},"54":{"start":{"line":83,"column":4},"end":{"line":85,"column":5}},"55":{"start":{"line":84,"column":6},"end":{"line":84,"column":29}},"56":{"start":{"line":86,"column":4},"end":{"line":86,"column":48}},"57":{"start":{"line":87,"column":4},"end":{"line":87,"column":22}},"58":{"start":{"line":88,"column":4},"end":{"line":92,"column":7}},"59":{"start":{"line":94,"column":4},"end":{"line":94,"column":33}},"60":{"start":{"line":98,"column":0},"end":{"line":98,"column":52}}},"fnMap":{"0":{"name":"(anonymous_8)","decl":{"start":{"line":6,"column":17},"end":{"line":6,"column":24}},"loc":{"start":{"line":6,"column":55},"end":{"line":20,"column":2}}},"1":{"name":"(anonymous_9)","decl":{"start":{"line":6,"column":55},"end":{"line":6,"column":null}},"loc":{"start":{"line":6,"column":55},"end":{"line":20,"column":1}}},"2":{"name":"(anonymous_10)","decl":{"start":{"line":22,"column":14},"end":{"line":22,"column":21}},"loc":{"start":{"line":22,"column":52},"end":{"line":59,"column":2}}},"3":{"name":"(anonymous_11)","decl":{"start":{"line":22,"column":52},"end":{"line":22,"column":null}},"loc":{"start":{"line":22,"column":52},"end":{"line":59,"column":1}}},"4":{"name":"(anonymous_12)","decl":{"start":{"line":61,"column":15},"end":{"line":61,"column":22}},"loc":{"start":{"line":61,"column":53},"end":{"line":69,"column":2}}},"5":{"name":"(anonymous_13)","decl":{"start":{"line":61,"column":53},"end":{"line":61,"column":null}},"loc":{"start":{"line":61,"column":53},"end":{"line":69,"column":1}}},"6":{"name":"(anonymous_14)","decl":{"start":{"line":71,"column":16},"end":{"line":71,"column":23}},"loc":{"start":{"line":71,"column":54},"end":{"line":96,"column":2}}},"7":{"name":"(anonymous_15)","decl":{"start":{"line":71,"column":54},"end":{"line":71,"column":null}},"loc":{"start":{"line":71,"column":54},"end":{"line":96,"column":1}}}},"branchMap":{"0":{"loc":{"start":{"line":25,"column":4},"end":{"line":28,"column":5}},"type":"if","locations":[{"start":{"line":25,"column":4},"end":{"line":28,"column":5}}]},"1":{"loc":{"start":{"line":33,"column":4},"end":{"line":36,"column":5}},"type":"if","locations":[{"start":{"line":33,"column":4},"end":{"line":36,"column":5}}]},"2":{"loc":{"start":{"line":37,"column":4},"end":{"line":40,"column":5}},"type":"if","locations":[{"start":{"line":37,"column":4},"end":{"line":40,"column":5}}]},"3":{"loc":{"start":{"line":42,"column":4},"end":{"line":45,"column":5}},"type":"if","locations":[{"start":{"line":42,"column":4},"end":{"line":45,"column":5}}]},"4":{"loc":{"start":{"line":46,"column":4},"end":{"line":48,"column":5}},"type":"if","locations":[{"start":{"line":46,"column":4},"end":{"line":48,"column":5}}]},"5":{"loc":{"start":{"line":74,"column":4},"end":{"line":77,"column":5}},"type":"if","locations":[{"start":{"line":74,"column":4},"end":{"line":77,"column":5}}]},"6":{"loc":{"start":{"line":79,"column":4},"end":{"line":82,"column":5}},"type":"if","locations":[{"start":{"line":79,"column":4},"end":{"line":82,"column":5}}]},"7":{"loc":{"start":{"line":83,"column":4},"end":{"line":85,"column":5}},"type":"if","locations":[{"start":{"line":83,"column":4},"end":{"line":85,"column":5}}]}},"s":{"0":4,"1":4,"2":4,"3":4,"4":5,"5":5,"6":5,"7":5,"8":5,"9":4,"10":4,"11":1,"12":4,"13":8,"14":8,"15":8,"16":8,"17":1,"18":1,"19":7,"20":7,"21":1,"22":1,"23":6,"24":1,"25":1,"26":5,"27":5,"28":0,"29":0,"30":5,"31":0,"32":5,"33":5,"34":5,"35":0,"36":4,"37":2,"38":2,"39":2,"40":1,"41":1,"42":1,"43":4,"44":3,"45":3,"46":3,"47":1,"48":0,"49":0,"50":1,"51":1,"52":0,"53":0,"54":1,"55":0,"56":1,"57":1,"58":1,"59":2,"60":4},"f":{"0":5,"1":5,"2":8,"3":8,"4":2,"5":2,"6":3,"7":3},"b":{"0":[1],"1":[1],"2":[1],"3":[0],"4":[0],"5":[0],"6":[0],"7":[0]}}
,"C:\\Users\\kfir2\\Desktop\\Colman\\Eliav\\Assi01\\Web_Class_01\\controllers\\comments_controller.ts": {"path":"C:\\Users\\kfir2\\Desktop\\Colman\\Eliav\\Assi01\\Web_Class_01\\controllers\\comments_controller.ts","statementMap":{"0":{"start":{"line":1,"column":0},"end":{"line":1,"column":53}},"1":{"start":{"line":3,"column":28},"end":{"line":15,"column":2}},"2":{"start":{"line":3,"column":47},"end":{"line":15,"column":2}},"3":{"start":{"line":4,"column":17},"end":{"line":4,"column":30}},"4":{"start":{"line":5,"column":2},"end":{"line":14,"column":3}},"5":{"start":{"line":6,"column":21},"end":{"line":6,"column":65}},"6":{"start":{"line":7,"column":4},"end":{"line":11,"column":5}},"7":{"start":{"line":8,"column":6},"end":{"line":8,"column":25}},"8":{"start":{"line":10,"column":6},"end":{"line":10,"column":45}},"9":{"start":{"line":13,"column":4},"end":{"line":13,"column":40}},"10":{"start":{"line":17,"column":23},"end":{"line":29,"column":2}},"11":{"start":{"line":17,"column":42},"end":{"line":29,"column":2}},"12":{"start":{"line":18,"column":20},"end":{"line":18,"column":33}},"13":{"start":{"line":19,"column":2},"end":{"line":28,"column":3}},"14":{"start":{"line":20,"column":20},"end":{"line":20,"column":59}},"15":{"start":{"line":21,"column":4},"end":{"line":25,"column":5}},"16":{"start":{"line":22,"column":6},"end":{"line":22,"column":24}},"17":{"start":{"line":24,"column":6},"end":{"line":24,"column":48}},"18":{"start":{"line":27,"column":4},"end":{"line":27,"column":40}},"19":{"start":{"line":31,"column":22},"end":{"line":39,"column":2}},"20":{"start":{"line":31,"column":41},"end":{"line":39,"column":2}},"21":{"start":{"line":32,"column":22},"end":{"line":32,"column":30}},"22":{"start":{"line":33,"column":2},"end":{"line":38,"column":3}},"23":{"start":{"line":34,"column":20},"end":{"line":34,"column":59}},"24":{"start":{"line":35,"column":4},"end":{"line":35,"column":34}},"25":{"start":{"line":37,"column":4},"end":{"line":37,"column":40}},"26":{"start":{"line":41,"column":26},"end":{"line":49,"column":2}},"27":{"start":{"line":41,"column":45},"end":{"line":49,"column":2}},"28":{"start":{"line":42,"column":20},"end":{"line":42,"column":33}},"29":{"start":{"line":43,"column":2},"end":{"line":48,"column":3}},"30":{"start":{"line":44,"column":20},"end":{"line":44,"column":68}},"31":{"start":{"line":45,"column":4},"end":{"line":45,"column":34}},"32":{"start":{"line":47,"column":4},"end":{"line":47,"column":40}},"33":{"start":{"line":51,"column":26},"end":{"line":69,"column":2}},"34":{"start":{"line":51,"column":45},"end":{"line":69,"column":2}},"35":{"start":{"line":52,"column":20},"end":{"line":52,"column":33}},"36":{"start":{"line":53,"column":22},"end":{"line":53,"column":30}},"37":{"start":{"line":55,"column":2},"end":{"line":68,"column":3}},"38":{"start":{"line":56,"column":20},"end":{"line":58,"column":null}},"39":{"start":{"line":60,"column":4},"end":{"line":62,"column":5}},"40":{"start":{"line":61,"column":6},"end":{"line":61,"column":48}},"41":{"start":{"line":64,"column":6},"end":{"line":64,"column":46}},"42":{"start":{"line":67,"column":4},"end":{"line":67,"column":40}},"43":{"start":{"line":71,"column":0},"end":{"line":77,"column":2}}},"fnMap":{"0":{"name":"(anonymous_8)","decl":{"start":{"line":3,"column":28},"end":{"line":3,"column":35}},"loc":{"start":{"line":3,"column":47},"end":{"line":15,"column":2}}},"1":{"name":"(anonymous_9)","decl":{"start":{"line":3,"column":47},"end":{"line":3,"column":null}},"loc":{"start":{"line":3,"column":47},"end":{"line":15,"column":1}}},"2":{"name":"(anonymous_10)","decl":{"start":{"line":17,"column":23},"end":{"line":17,"column":30}},"loc":{"start":{"line":17,"column":42},"end":{"line":29,"column":2}}},"3":{"name":"(anonymous_11)","decl":{"start":{"line":17,"column":42},"end":{"line":17,"column":null}},"loc":{"start":{"line":17,"column":42},"end":{"line":29,"column":1}}},"4":{"name":"(anonymous_12)","decl":{"start":{"line":31,"column":22},"end":{"line":31,"column":29}},"loc":{"start":{"line":31,"column":41},"end":{"line":39,"column":2}}},"5":{"name":"(anonymous_13)","decl":{"start":{"line":31,"column":41},"end":{"line":31,"column":null}},"loc":{"start":{"line":31,"column":41},"end":{"line":39,"column":1}}},"6":{"name":"(anonymous_14)","decl":{"start":{"line":41,"column":26},"end":{"line":41,"column":33}},"loc":{"start":{"line":41,"column":45},"end":{"line":49,"column":2}}},"7":{"name":"(anonymous_15)","decl":{"start":{"line":41,"column":45},"end":{"line":41,"column":null}},"loc":{"start":{"line":41,"column":45},"end":{"line":49,"column":1}}},"8":{"name":"(anonymous_16)","decl":{"start":{"line":51,"column":26},"end":{"line":51,"column":33}},"loc":{"start":{"line":51,"column":45},"end":{"line":69,"column":2}}},"9":{"name":"(anonymous_17)","decl":{"start":{"line":51,"column":45},"end":{"line":51,"column":null}},"loc":{"start":{"line":51,"column":45},"end":{"line":69,"column":1}}}},"branchMap":{"0":{"loc":{"start":{"line":7,"column":4},"end":{"line":11,"column":5}},"type":"if","locations":[{"start":{"line":7,"column":4},"end":{"line":11,"column":5}},{"start":{"line":9,"column":11},"end":{"line":11,"column":5}}]},"1":{"loc":{"start":{"line":7,"column":8},"end":{"line":7,"column":39}},"type":"binary-expr","locations":[{"start":{"line":7,"column":8},"end":{"line":7,"column":16}},{"start":{"line":7,"column":20},"end":{"line":7,"column":39}}]},"2":{"loc":{"start":{"line":21,"column":4},"end":{"line":25,"column":5}},"type":"if","locations":[{"start":{"line":21,"column":4},"end":{"line":25,"column":5}},{"start":{"line":23,"column":11},"end":{"line":25,"column":5}}]},"3":{"loc":{"start":{"line":60,"column":4},"end":{"line":62,"column":5}},"type":"if","locations":[{"start":{"line":60,"column":4},"end":{"line":62,"column":5}}]}},"s":{"0":4,"1":4,"2":2,"3":2,"4":2,"5":2,"6":2,"7":1,"8":1,"9":0,"10":4,"11":2,"12":2,"13":2,"14":2,"15":1,"16":1,"17":0,"18":1,"19":4,"20":4,"21":4,"22":4,"23":4,"24":3,"25":1,"26":4,"27":2,"28":2,"29":2,"30":2,"31":1,"32":1,"33":4,"34":2,"35":2,"36":2,"37":2,"38":2,"39":1,"40":0,"41":1,"42":1,"43":4},"f":{"0":2,"1":2,"2":2,"3":2,"4":4,"5":4,"6":2,"7":2,"8":2,"9":2},"b":{"0":[1,1],"1":[2,2],"2":[1,0],"3":[0]}}
,"C:\\Users\\kfir2\\Desktop\\Colman\\Eliav\\Assi01\\Web_Class_01\\controllers\\posts_controller.ts": {"path":"C:\\Users\\kfir2\\Desktop\\Colman\\Eliav\\Assi01\\Web_Class_01\\controllers\\posts_controller.ts","statementMap":{"0":{"start":{"line":1,"column":0},"end":{"line":1,"column":46}},"1":{"start":{"line":3,"column":20},"end":{"line":10,"column":2}},"2":{"start":{"line":3,"column":39},"end":{"line":10,"column":2}},"3":{"start":{"line":4,"column":2},"end":{"line":9,"column":3}},"4":{"start":{"line":5,"column":18},"end":{"line":5,"column":40}},"5":{"start":{"line":6,"column":4},"end":{"line":6,"column":20}},"6":{"start":{"line":8,"column":4},"end":{"line":8,"column":40}},"7":{"start":{"line":12,"column":19},"end":{"line":20,"column":2}},"8":{"start":{"line":12,"column":38},"end":{"line":20,"column":2}},"9":{"start":{"line":13,"column":19},"end":{"line":13,"column":27}},"10":{"start":{"line":14,"column":2},"end":{"line":19,"column":3}},"11":{"start":{"line":15,"column":17},"end":{"line":15,"column":49}},"12":{"start":{"line":16,"column":4},"end":{"line":16,"column":31}},"13":{"start":{"line":18,"column":4},"end":{"line":18,"column":40}},"14":{"start":{"line":22,"column":20},"end":{"line":35,"column":2}},"15":{"start":{"line":22,"column":39},"end":{"line":35,"column":2}},"16":{"start":{"line":23,"column":17},"end":{"line":23,"column":30}},"17":{"start":{"line":25,"column":2},"end":{"line":34,"column":3}},"18":{"start":{"line":26,"column":17},"end":{"line":26,"column":49}},"19":{"start":{"line":27,"column":4},"end":{"line":31,"column":5}},"20":{"start":{"line":28,"column":6},"end":{"line":28,"column":21}},"21":{"start":{"line":30,"column":6},"end":{"line":30,"column":45}},"22":{"start":{"line":33,"column":4},"end":{"line":33,"column":40}},"23":{"start":{"line":37,"column":30},"end":{"line":50,"column":2}},"24":{"start":{"line":37,"column":49},"end":{"line":50,"column":2}},"25":{"start":{"line":38,"column":17},"end":{"line":38,"column":33}},"26":{"start":{"line":40,"column":2},"end":{"line":49,"column":3}},"27":{"start":{"line":41,"column":18},"end":{"line":41,"column":60}},"28":{"start":{"line":42,"column":4},"end":{"line":46,"column":5}},"29":{"start":{"line":43,"column":6},"end":{"line":43,"column":45}},"30":{"start":{"line":45,"column":6},"end":{"line":45,"column":22}},"31":{"start":{"line":48,"column":4},"end":{"line":48,"column":40}},"32":{"start":{"line":52,"column":23},"end":{"line":62,"column":2}},"33":{"start":{"line":52,"column":42},"end":{"line":62,"column":2}},"34":{"start":{"line":53,"column":17},"end":{"line":53,"column":30}},"35":{"start":{"line":54,"column":19},"end":{"line":54,"column":27}},"36":{"start":{"line":56,"column":2},"end":{"line":61,"column":3}},"37":{"start":{"line":57,"column":4},"end":{"line":57,"column":56}},"38":{"start":{"line":58,"column":4},"end":{"line":58,"column":41}},"39":{"start":{"line":60,"column":4},"end":{"line":60,"column":40}},"40":{"start":{"line":64,"column":0},"end":{"line":70,"column":2}}},"fnMap":{"0":{"name":"(anonymous_8)","decl":{"start":{"line":3,"column":20},"end":{"line":3,"column":27}},"loc":{"start":{"line":3,"column":39},"end":{"line":10,"column":2}}},"1":{"name":"(anonymous_9)","decl":{"start":{"line":3,"column":39},"end":{"line":3,"column":null}},"loc":{"start":{"line":3,"column":39},"end":{"line":10,"column":1}}},"2":{"name":"(anonymous_10)","decl":{"start":{"line":12,"column":19},"end":{"line":12,"column":26}},"loc":{"start":{"line":12,"column":38},"end":{"line":20,"column":2}}},"3":{"name":"(anonymous_11)","decl":{"start":{"line":12,"column":38},"end":{"line":12,"column":null}},"loc":{"start":{"line":12,"column":38},"end":{"line":20,"column":1}}},"4":{"name":"(anonymous_12)","decl":{"start":{"line":22,"column":20},"end":{"line":22,"column":27}},"loc":{"start":{"line":22,"column":39},"end":{"line":35,"column":2}}},"5":{"name":"(anonymous_13)","decl":{"start":{"line":22,"column":39},"end":{"line":22,"column":null}},"loc":{"start":{"line":22,"column":39},"end":{"line":35,"column":1}}},"6":{"name":"(anonymous_14)","decl":{"start":{"line":37,"column":30},"end":{"line":37,"column":37}},"loc":{"start":{"line":37,"column":49},"end":{"line":50,"column":2}}},"7":{"name":"(anonymous_15)","decl":{"start":{"line":37,"column":49},"end":{"line":37,"column":null}},"loc":{"start":{"line":37,"column":49},"end":{"line":50,"column":1}}},"8":{"name":"(anonymous_16)","decl":{"start":{"line":52,"column":23},"end":{"line":52,"column":30}},"loc":{"start":{"line":52,"column":42},"end":{"line":62,"column":2}}},"9":{"name":"(anonymous_17)","decl":{"start":{"line":52,"column":42},"end":{"line":52,"column":null}},"loc":{"start":{"line":52,"column":42},"end":{"line":62,"column":1}}}},"branchMap":{"0":{"loc":{"start":{"line":27,"column":4},"end":{"line":31,"column":5}},"type":"if","locations":[{"start":{"line":27,"column":4},"end":{"line":31,"column":5}},{"start":{"line":29,"column":11},"end":{"line":31,"column":5}}]},"1":{"loc":{"start":{"line":42,"column":4},"end":{"line":46,"column":5}},"type":"if","locations":[{"start":{"line":42,"column":4},"end":{"line":46,"column":5}},{"start":{"line":44,"column":11},"end":{"line":46,"column":5}}]}},"s":{"0":4,"1":4,"2":2,"3":2,"4":2,"5":2,"6":0,"7":4,"8":3,"9":3,"10":3,"11":3,"12":2,"13":1,"14":4,"15":2,"16":2,"17":2,"18":2,"19":1,"20":1,"21":0,"22":1,"23":4,"24":2,"25":2,"26":2,"27":2,"28":2,"29":1,"30":1,"31":0,"32":4,"33":2,"34":2,"35":2,"36":2,"37":2,"38":1,"39":1,"40":4},"f":{"0":2,"1":2,"2":3,"3":3,"4":2,"5":2,"6":2,"7":2,"8":2,"9":2},"b":{"0":[1,0],"1":[1,1]}}
,"C:\\Users\\kfir2\\Desktop\\Colman\\Eliav\\Assi01\\Web_Class_01\\controllers\\users_controller.ts": {"path":"C:\\Users\\kfir2\\Desktop\\Colman\\Eliav\\Assi01\\Web_Class_01\\controllers\\users_controller.ts","statementMap":{"0":{"start":{"line":1,"column":0},"end":{"line":1,"column":47}},"1":{"start":{"line":3,"column":20},"end":{"line":10,"column":2}},"2":{"start":{"line":3,"column":39},"end":{"line":10,"column":2}},"3":{"start":{"line":4,"column":2},"end":{"line":9,"column":3}},"4":{"start":{"line":5,"column":18},"end":{"line":5,"column":41}},"5":{"start":{"line":6,"column":4},"end":{"line":6,"column":20}},"6":{"start":{"line":8,"column":4},"end":{"line":8,"column":40}},"7":{"start":{"line":12,"column":20},"end":{"line":25,"column":2}},"8":{"start":{"line":12,"column":39},"end":{"line":25,"column":2}},"9":{"start":{"line":13,"column":17},"end":{"line":13,"column":30}},"10":{"start":{"line":15,"column":2},"end":{"line":24,"column":3}},"11":{"start":{"line":16,"column":17},"end":{"line":16,"column":50}},"12":{"start":{"line":17,"column":4},"end":{"line":21,"column":5}},"13":{"start":{"line":18,"column":6},"end":{"line":18,"column":21}},"14":{"start":{"line":20,"column":6},"end":{"line":20,"column":45}},"15":{"start":{"line":23,"column":4},"end":{"line":23,"column":40}},"16":{"start":{"line":27,"column":19},"end":{"line":35,"column":2}},"17":{"start":{"line":27,"column":38},"end":{"line":35,"column":2}},"18":{"start":{"line":28,"column":19},"end":{"line":28,"column":27}},"19":{"start":{"line":29,"column":2},"end":{"line":34,"column":3}},"20":{"start":{"line":30,"column":17},"end":{"line":30,"column":50}},"21":{"start":{"line":31,"column":4},"end":{"line":31,"column":31}},"22":{"start":{"line":33,"column":4},"end":{"line":33,"column":40}},"23":{"start":{"line":37,"column":23},"end":{"line":51,"column":2}},"24":{"start":{"line":37,"column":42},"end":{"line":51,"column":2}},"25":{"start":{"line":38,"column":17},"end":{"line":38,"column":30}},"26":{"start":{"line":39,"column":19},"end":{"line":39,"column":27}},"27":{"start":{"line":41,"column":2},"end":{"line":50,"column":3}},"28":{"start":{"line":42,"column":17},"end":{"line":42,"column":69}},"29":{"start":{"line":43,"column":4},"end":{"line":47,"column":5}},"30":{"start":{"line":44,"column":6},"end":{"line":44,"column":45}},"31":{"start":{"line":46,"column":6},"end":{"line":46,"column":56}},"32":{"start":{"line":49,"column":4},"end":{"line":49,"column":40}},"33":{"start":{"line":53,"column":23},"end":{"line":66,"column":2}},"34":{"start":{"line":53,"column":42},"end":{"line":66,"column":2}},"35":{"start":{"line":54,"column":17},"end":{"line":54,"column":30}},"36":{"start":{"line":56,"column":2},"end":{"line":65,"column":3}},"37":{"start":{"line":57,"column":17},"end":{"line":57,"column":59}},"38":{"start":{"line":58,"column":4},"end":{"line":62,"column":5}},"39":{"start":{"line":59,"column":6},"end":{"line":59,"column":45}},"40":{"start":{"line":61,"column":6},"end":{"line":61,"column":56}},"41":{"start":{"line":64,"column":4},"end":{"line":64,"column":40}},"42":{"start":{"line":68,"column":0},"end":{"line":74,"column":2}}},"fnMap":{"0":{"name":"(anonymous_8)","decl":{"start":{"line":3,"column":20},"end":{"line":3,"column":27}},"loc":{"start":{"line":3,"column":39},"end":{"line":10,"column":2}}},"1":{"name":"(anonymous_9)","decl":{"start":{"line":3,"column":39},"end":{"line":3,"column":null}},"loc":{"start":{"line":3,"column":39},"end":{"line":10,"column":1}}},"2":{"name":"(anonymous_10)","decl":{"start":{"line":12,"column":20},"end":{"line":12,"column":27}},"loc":{"start":{"line":12,"column":39},"end":{"line":25,"column":2}}},"3":{"name":"(anonymous_11)","decl":{"start":{"line":12,"column":39},"end":{"line":12,"column":null}},"loc":{"start":{"line":12,"column":39},"end":{"line":25,"column":1}}},"4":{"name":"(anonymous_12)","decl":{"start":{"line":27,"column":19},"end":{"line":27,"column":26}},"loc":{"start":{"line":27,"column":38},"end":{"line":35,"column":2}}},"5":{"name":"(anonymous_13)","decl":{"start":{"line":27,"column":38},"end":{"line":27,"column":null}},"loc":{"start":{"line":27,"column":38},"end":{"line":35,"column":1}}},"6":{"name":"(anonymous_14)","decl":{"start":{"line":37,"column":23},"end":{"line":37,"column":30}},"loc":{"start":{"line":37,"column":42},"end":{"line":51,"column":2}}},"7":{"name":"(anonymous_15)","decl":{"start":{"line":37,"column":42},"end":{"line":37,"column":null}},"loc":{"start":{"line":37,"column":42},"end":{"line":51,"column":1}}},"8":{"name":"(anonymous_16)","decl":{"start":{"line":53,"column":23},"end":{"line":53,"column":30}},"loc":{"start":{"line":53,"column":42},"end":{"line":66,"column":2}}},"9":{"name":"(anonymous_17)","decl":{"start":{"line":53,"column":42},"end":{"line":53,"column":null}},"loc":{"start":{"line":53,"column":42},"end":{"line":66,"column":1}}}},"branchMap":{"0":{"loc":{"start":{"line":17,"column":4},"end":{"line":21,"column":5}},"type":"if","locations":[{"start":{"line":17,"column":4},"end":{"line":21,"column":5}},{"start":{"line":19,"column":11},"end":{"line":21,"column":5}}]},"1":{"loc":{"start":{"line":43,"column":4},"end":{"line":47,"column":5}},"type":"if","locations":[{"start":{"line":43,"column":4},"end":{"line":47,"column":5}},{"start":{"line":45,"column":11},"end":{"line":47,"column":5}}]},"2":{"loc":{"start":{"line":58,"column":4},"end":{"line":62,"column":5}},"type":"if","locations":[{"start":{"line":58,"column":4},"end":{"line":62,"column":5}},{"start":{"line":60,"column":11},"end":{"line":62,"column":5}}]}},"s":{"0":4,"1":4,"2":1,"3":1,"4":1,"5":1,"6":0,"7":4,"8":2,"9":2,"10":2,"11":2,"12":1,"13":1,"14":0,"15":1,"16":4,"17":2,"18":2,"19":2,"20":2,"21":1,"22":1,"23":4,"24":2,"25":2,"26":2,"27":2,"28":2,"29":1,"30":0,"31":1,"32":1,"33":4,"34":2,"35":2,"36":2,"37":2,"38":1,"39":0,"40":1,"41":1,"42":4},"f":{"0":1,"1":1,"2":2,"3":2,"4":2,"5":2,"6":2,"7":2,"8":2,"9":2},"b":{"0":[1,0],"1":[0,1],"2":[0,1]}}
,"C:\\Users\\kfir2\\Desktop\\Colman\\Eliav\\Assi01\\Web_Class_01\\middlewares\\auth.ts": {"path":"C:\\Users\\kfir2\\Desktop\\Colman\\Eliav\\Assi01\\Web_Class_01\\middlewares\\auth.ts","statementMap":{"0":{"start":{"line":2,"column":0},"end":{"line":2,"column":31}},"1":{"start":{"line":5,"column":30},"end":{"line":30,"column":1}},"2":{"start":{"line":10,"column":24},"end":{"line":10,"column":51}},"3":{"start":{"line":11,"column":16},"end":{"line":11,"column":60}},"4":{"start":{"line":13,"column":2},"end":{"line":16,"column":3}},"5":{"start":{"line":14,"column":4},"end":{"line":14,"column":42}},"6":{"start":{"line":15,"column":4},"end":{"line":15,"column":11}},"7":{"start":{"line":17,"column":2},"end":{"line":20,"column":3}},"8":{"start":{"line":18,"column":4},"end":{"line":18,"column":41}},"9":{"start":{"line":19,"column":4},"end":{"line":19,"column":11}},"10":{"start":{"line":22,"column":2},"end":{"line":29,"column":5}},"11":{"start":{"line":23,"column":4},"end":{"line":26,"column":5}},"12":{"start":{"line":24,"column":6},"end":{"line":24,"column":44}},"13":{"start":{"line":25,"column":6},"end":{"line":25,"column":13}},"14":{"start":{"line":27,"column":4},"end":{"line":27,"column":49}},"15":{"start":{"line":28,"column":4},"end":{"line":28,"column":11}},"16":{"start":{"line":5,"column":13},"end":{"line":5,"column":30}}},"fnMap":{"0":{"name":"(anonymous_1)","decl":{"start":{"line":5,"column":30},"end":{"line":5,"column":null}},"loc":{"start":{"line":9,"column":4},"end":{"line":30,"column":1}}},"1":{"name":"(anonymous_2)","decl":{"start":{"line":22,"column":46},"end":{"line":22,"column":47}},"loc":{"start":{"line":22,"column":63},"end":{"line":29,"column":3}}}},"branchMap":{"0":{"loc":{"start":{"line":11,"column":16},"end":{"line":11,"column":60}},"type":"binary-expr","locations":[{"start":{"line":11,"column":16},"end":{"line":11,"column":29}},{"start":{"line":11,"column":33},"end":{"line":11,"column":60}}]},"1":{"loc":{"start":{"line":13,"column":2},"end":{"line":16,"column":3}},"type":"if","locations":[{"start":{"line":13,"column":2},"end":{"line":16,"column":3}}]},"2":{"loc":{"start":{"line":17,"column":2},"end":{"line":20,"column":3}},"type":"if","locations":[{"start":{"line":17,"column":2},"end":{"line":20,"column":3}}]},"3":{"loc":{"start":{"line":23,"column":4},"end":{"line":26,"column":5}},"type":"if","locations":[{"start":{"line":23,"column":4},"end":{"line":26,"column":5}}]}},"s":{"0":4,"1":4,"2":19,"3":19,"4":19,"5":1,"6":1,"7":18,"8":1,"9":1,"10":17,"11":17,"12":0,"13":0,"14":17,"15":17,"16":4},"f":{"0":19,"1":17},"b":{"0":[19,18],"1":[1],"2":[1],"3":[0]}}
,"C:\\Users\\kfir2\\Desktop\\Colman\\Eliav\\Assi01\\Web_Class_01\\models\\comments_model.ts": {"path":"C:\\Users\\kfir2\\Desktop\\Colman\\Eliav\\Assi01\\Web_Class_01\\models\\comments_model.ts","statementMap":{"0":{"start":{"line":1,"column":0},"end":{"line":1,"column":32}},"1":{"start":{"line":3,"column":23},"end":{"line":16,"column":2}},"2":{"start":{"line":18,"column":22},"end":{"line":18,"column":64}},"3":{"start":{"line":20,"column":0},"end":{"line":20,"column":29}}},"fnMap":{},"branchMap":{},"s":{"0":4,"1":4,"2":4,"3":4},"f":{},"b":{}}
,"C:\\Users\\kfir2\\Desktop\\Colman\\Eliav\\Assi01\\Web_Class_01\\models\\posts_model.ts": {"path":"C:\\Users\\kfir2\\Desktop\\Colman\\Eliav\\Assi01\\Web_Class_01\\models\\posts_model.ts","statementMap":{"0":{"start":{"line":1,"column":0},"end":{"line":1,"column":32}},"1":{"start":{"line":3,"column":19},"end":{"line":13,"column":2}},"2":{"start":{"line":15,"column":18},"end":{"line":15,"column":53}},"3":{"start":{"line":17,"column":0},"end":{"line":17,"column":25}}},"fnMap":{},"branchMap":{},"s":{"0":4,"1":4,"2":4,"3":4},"f":{},"b":{}}
,"C:\\Users\\kfir2\\Desktop\\Colman\\Eliav\\Assi01\\Web_Class_01\\models\\users_model.ts": {"path":"C:\\Users\\kfir2\\Desktop\\Colman\\Eliav\\Assi01\\Web_Class_01\\models\\users_model.ts","statementMap":{"0":{"start":{"line":1,"column":0},"end":{"line":1,"column":46}},"1":{"start":{"line":19,"column":20},"end":{"line":36,"column":2}},"2":{"start":{"line":38,"column":19},"end":{"line":38,"column":55}},"3":{"start":{"line":40,"column":0},"end":{"line":40,"column":26}}},"fnMap":{},"branchMap":{},"s":{"0":4,"1":4,"2":4,"3":4},"f":{},"b":{}}
,"C:\\Users\\kfir2\\Desktop\\Colman\\Eliav\\Assi01\\Web_Class_01\\routes\\auth_route.ts": {"path":"C:\\Users\\kfir2\\Desktop\\Colman\\Eliav\\Assi01\\Web_Class_01\\routes\\auth_route.ts","statementMap":{"0":{"start":{"line":1,"column":0},"end":{"line":1,"column":30}},"1":{"start":{"line":2,"column":0},"end":{"line":2,"column":60}},"2":{"start":{"line":4,"column":15},"end":{"line":4,"column":31}},"3":{"start":{"line":23,"column":0},"end":{"line":23,"column":50}},"4":{"start":{"line":47,"column":0},"end":{"line":47,"column":44}},"5":{"start":{"line":86,"column":0},"end":{"line":86,"column":46}},"6":{"start":{"line":115,"column":0},"end":{"line":115,"column":48}},"7":{"start":{"line":155,"column":0},"end":{"line":155,"column":22}}},"fnMap":{},"branchMap":{},"s":{"0":4,"1":4,"2":4,"3":4,"4":4,"5":4,"6":4,"7":4},"f":{},"b":{}}
,"C:\\Users\\kfir2\\Desktop\\Colman\\Eliav\\Assi01\\Web_Class_01\\routes\\comments_route.ts": {"path":"C:\\Users\\kfir2\\Desktop\\Colman\\Eliav\\Assi01\\Web_Class_01\\routes\\comments_route.ts","statementMap":{"0":{"start":{"line":1,"column":0},"end":{"line":1,"column":30}},"1":{"start":{"line":2,"column":0},"end":{"line":2,"column":57}},"2":{"start":{"line":3,"column":0},"end":{"line":3,"column":53}},"3":{"start":{"line":5,"column":15},"end":{"line":5,"column":31}},"4":{"start":{"line":67,"column":0},"end":{"line":67,"column":43}},"5":{"start":{"line":97,"column":0},"end":{"line":97,"column":53}},"6":{"start":{"line":127,"column":0},"end":{"line":127,"column":56}},"7":{"start":{"line":172,"column":0},"end":{"line":172,"column":65}},"8":{"start":{"line":200,"column":0},"end":{"line":200,"column":62}},"9":{"start":{"line":236,"column":0},"end":{"line":236,"column":22}}},"fnMap":{},"branchMap":{},"s":{"0":4,"1":4,"2":4,"3":4,"4":4,"5":4,"6":4,"7":4,"8":4,"9":4},"f":{},"b":{}}
,"C:\\Users\\kfir2\\Desktop\\Colman\\Eliav\\Assi01\\Web_Class_01\\routes\\posts_route.ts": {"path":"C:\\Users\\kfir2\\Desktop\\Colman\\Eliav\\Assi01\\Web_Class_01\\routes\\posts_route.ts","statementMap":{"0":{"start":{"line":1,"column":0},"end":{"line":1,"column":30}},"1":{"start":{"line":2,"column":0},"end":{"line":2,"column":62}},"2":{"start":{"line":3,"column":0},"end":{"line":3,"column":53}},"3":{"start":{"line":5,"column":15},"end":{"line":5,"column":31}},"4":{"start":{"line":66,"column":0},"end":{"line":66,"column":48}},"5":{"start":{"line":89,"column":0},"end":{"line":89,"column":61}},"6":{"start":{"line":133,"column":0},"end":{"line":133,"column":48}},"7":{"start":{"line":163,"column":0},"end":{"line":163,"column":55}},"8":{"start":{"line":196,"column":0},"end":{"line":196,"column":67}},"9":{"start":{"line":232,"column":0},"end":{"line":232,"column":22}}},"fnMap":{},"branchMap":{},"s":{"0":4,"1":4,"2":4,"3":4,"4":4,"5":4,"6":4,"7":4,"8":4,"9":4},"f":{},"b":{}}
,"C:\\Users\\kfir2\\Desktop\\Colman\\Eliav\\Assi01\\Web_Class_01\\routes\\users_route.ts": {"path":"C:\\Users\\kfir2\\Desktop\\Colman\\Eliav\\Assi01\\Web_Class_01\\routes\\users_route.ts","statementMap":{"0":{"start":{"line":1,"column":0},"end":{"line":1,"column":30}},"1":{"start":{"line":2,"column":0},"end":{"line":2,"column":62}},"2":{"start":{"line":3,"column":0},"end":{"line":3,"column":53}},"3":{"start":{"line":5,"column":15},"end":{"line":5,"column":31}},"4":{"start":{"line":67,"column":0},"end":{"line":67,"column":48}},"5":{"start":{"line":90,"column":0},"end":{"line":90,"column":48}},"6":{"start":{"line":120,"column":0},"end":{"line":120,"column":45}},"7":{"start":{"line":163,"column":0},"end":{"line":163,"column":67}},"8":{"start":{"line":199,"column":0},"end":{"line":199,"column":70}},"9":{"start":{"line":227,"column":0},"end":{"line":227,"column":22}}},"fnMap":{},"branchMap":{},"s":{"0":4,"1":4,"2":4,"3":4,"4":4,"5":4,"6":4,"7":4,"8":4,"9":4},"f":{},"b":{}}
,"C:\\Users\\kfir2\\Desktop\\Colman\\Eliav\\Assi01\\Web_Class_01\\utils\\auth.ts": {"path":"C:\\Users\\kfir2\\Desktop\\Colman\\Eliav\\Assi01\\Web_Class_01\\utils\\auth.ts","statementMap":{"0":{"start":{"line":1,"column":0},"end":{"line":1,"column":31}},"1":{"start":{"line":3,"column":0},"end":{"line":3,"column":61}},"2":{"start":{"line":5,"column":22},"end":{"line":32,"column":1}},"3":{"start":{"line":6,"column":2},"end":{"line":8,"column":3}},"4":{"start":{"line":7,"column":4},"end":{"line":7,"column":16}},"5":{"start":{"line":10,"column":22},"end":{"line":10,"column":46}},"6":{"start":{"line":11,"column":22},"end":{"line":17,"column":null}},"7":{"start":{"line":20,"column":23},"end":{"line":26,"column":null}},"8":{"start":{"line":28,"column":2},"end":{"line":31,"column":4}},"9":{"start":{"line":80,"column":9},"end":{"line":80,"column":22}},"10":{"start":{"line":34,"column":27},"end":{"line":78,"column":1}},"11":{"start":{"line":35,"column":2},"end":{"line":77,"column":5}},"12":{"start":{"line":36,"column":4},"end":{"line":39,"column":5}},"13":{"start":{"line":37,"column":6},"end":{"line":37,"column":21}},"14":{"start":{"line":38,"column":6},"end":{"line":38,"column":13}},"15":{"start":{"line":40,"column":4},"end":{"line":43,"column":5}},"16":{"start":{"line":41,"column":6},"end":{"line":41,"column":21}},"17":{"start":{"line":42,"column":6},"end":{"line":42,"column":13}},"18":{"start":{"line":44,"column":4},"end":{"line":76,"column":6}},"19":{"start":{"line":47,"column":39},"end":{"line":75,"column":null}},"20":{"start":{"line":48,"column":8},"end":{"line":51,"column":9}},"21":{"start":{"line":49,"column":10},"end":{"line":49,"column":25}},"22":{"start":{"line":50,"column":10},"end":{"line":50,"column":17}},"23":{"start":{"line":52,"column":23},"end":{"line":52,"column":34}},"24":{"start":{"line":53,"column":8},"end":{"line":74,"column":9}},"25":{"start":{"line":54,"column":23},"end":{"line":54,"column":56}},"26":{"start":{"line":55,"column":10},"end":{"line":58,"column":11}},"27":{"start":{"line":56,"column":12},"end":{"line":56,"column":27}},"28":{"start":{"line":57,"column":12},"end":{"line":57,"column":19}},"29":{"start":{"line":59,"column":10},"end":{"line":64,"column":11}},"30":{"start":{"line":60,"column":12},"end":{"line":60,"column":35}},"31":{"start":{"line":61,"column":12},"end":{"line":61,"column":30}},"32":{"start":{"line":62,"column":12},"end":{"line":62,"column":27}},"33":{"start":{"line":63,"column":12},"end":{"line":63,"column":19}},"34":{"start":{"line":65,"column":25},"end":{"line":66,"column":null}},"35":{"start":{"line":66,"column":23},"end":{"line":66,"column":45}},"36":{"start":{"line":68,"column":10},"end":{"line":68,"column":37}},"37":{"start":{"line":70,"column":10},"end":{"line":70,"column":24}},"38":{"start":{"line":72,"column":10},"end":{"line":72,"column":25}},"39":{"start":{"line":73,"column":10},"end":{"line":73,"column":17}},"40":{"start":{"line":80,"column":24},"end":{"line":80,"column":42}}},"fnMap":{"0":{"name":"(anonymous_8)","decl":{"start":{"line":5,"column":22},"end":{"line":5,"column":23}},"loc":{"start":{"line":5,"column":56},"end":{"line":32,"column":1}}},"1":{"name":"(anonymous_9)","decl":{"start":{"line":34,"column":27},"end":{"line":34,"column":28}},"loc":{"start":{"line":34,"column":64},"end":{"line":78,"column":1}}},"2":{"name":"(anonymous_10)","decl":{"start":{"line":35,"column":31},"end":{"line":35,"column":32}},"loc":{"start":{"line":35,"column":51},"end":{"line":77,"column":3}}},"3":{"name":"(anonymous_11)","decl":{"start":{"line":47,"column":6},"end":{"line":47,"column":13}},"loc":{"start":{"line":47,"column":39},"end":{"line":75,"column":null}}},"4":{"name":"(anonymous_12)","decl":{"start":{"line":47,"column":39},"end":{"line":47,"column":null}},"loc":{"start":{"line":47,"column":39},"end":{"line":75,"column":7}}},"5":{"name":"(anonymous_13)","decl":{"start":{"line":66,"column":12},"end":{"line":66,"column":13}},"loc":{"start":{"line":66,"column":23},"end":{"line":66,"column":45}}}},"branchMap":{"0":{"loc":{"start":{"line":6,"column":2},"end":{"line":8,"column":3}},"type":"if","locations":[{"start":{"line":6,"column":2},"end":{"line":8,"column":3}}]},"1":{"loc":{"start":{"line":36,"column":4},"end":{"line":39,"column":5}},"type":"if","locations":[{"start":{"line":36,"column":4},"end":{"line":39,"column":5}}]},"2":{"loc":{"start":{"line":40,"column":4},"end":{"line":43,"column":5}},"type":"if","locations":[{"start":{"line":40,"column":4},"end":{"line":43,"column":5}}]},"3":{"loc":{"start":{"line":48,"column":8},"end":{"line":51,"column":9}},"type":"if","locations":[{"start":{"line":48,"column":8},"end":{"line":51,"column":9}}]},"4":{"loc":{"start":{"line":55,"column":10},"end":{"line":58,"column":11}},"type":"if","locations":[{"start":{"line":55,"column":10},"end":{"line":58,"column":11}}]},"5":{"loc":{"start":{"line":59,"column":10},"end":{"line":64,"column":11}},"type":"if","locations":[{"start":{"line":59,"column":10},"end":{"line":64,"column":11}}]},"6":{"loc":{"start":{"line":59,"column":14},"end":{"line":59,"column":77}},"type":"binary-expr","locations":[{"start":{"line":59,"column":14},"end":{"line":59,"column":32}},{"start":{"line":59,"column":36},"end":{"line":59,"column":77}}]}},"s":{"0":4,"1":4,"2":4,"3":6,"4":0,"5":6,"6":6,"7":6,"8":6,"9":4,"10":4,"11":5,"12":5,"13":3,"14":3,"15":2,"16":0,"17":0,"18":2,"19":2,"20":2,"21":0,"22":0,"23":2,"24":2,"25":2,"26":2,"27":0,"28":0,"29":2,"30":0,"31":0,"32":0,"33":0,"34":2,"35":3,"36":2,"37":2,"38":0,"39":0,"40":4},"f":{"0":6,"1":5,"2":5,"3":2,"4":2,"5":3},"b":{"0":[0],"1":[3],"2":[0],"3":[0],"4":[0],"5":[0],"6":[2,2]}}
}
