{"C:\\Users\\kfir2\\Desktop\\Colman\\Eliav\\Assi01\\Web_Class_01\\app.ts": {"path":"C:\\Users\\kfir2\\Desktop\\Colman\\Eliav\\Assi01\\Web_Class_01\\app.ts","statementMap":{"0":{"start":{"line":1,"column":0},"end":{"line":1,"column":43}},"1":{"start":{"line":2,"column":0},"end":{"line":2,"column":28}},"2":{"start":{"line":3,"column":0},"end":{"line":3,"column":32}},"3":{"start":{"line":4,"column":0},"end":{"line":4,"column":37}},"4":{"start":{"line":5,"column":0},"end":{"line":5,"column":52}},"5":{"start":{"line":6,"column":0},"end":{"line":6,"column":46}},"6":{"start":{"line":7,"column":0},"end":{"line":7,"column":46}},"7":{"start":{"line":9,"column":0},"end":{"line":9,"column":16}},"8":{"start":{"line":10,"column":21},"end":{"line":10,"column":30}},"9":{"start":{"line":11,"column":13},"end":{"line":11,"column":29}},"10":{"start":{"line":13,"column":0},"end":{"line":13,"column":47}},"11":{"start":{"line":14,"column":11},"end":{"line":14,"column":30}},"12":{"start":{"line":16,"column":0},"end":{"line":16,"column":48}},"13":{"start":{"line":16,"column":26},"end":{"line":16,"column":46}},"14":{"start":{"line":17,"column":0},"end":{"line":17,"column":60}},"15":{"start":{"line":17,"column":22},"end":{"line":17,"column":58}},"16":{"start":{"line":19,"column":0},"end":{"line":19,"column":27}},"17":{"start":{"line":20,"column":0},"end":{"line":20,"column":51}},"18":{"start":{"line":22,"column":0},"end":{"line":22,"column":36}},"19":{"start":{"line":23,"column":0},"end":{"line":23,"column":30}},"20":{"start":{"line":24,"column":0},"end":{"line":24,"column":30}},"21":{"start":{"line":26,"column":0},"end":{"line":26,"column":19}},"22":{"start":{"line":28,"column":0},"end":{"line":30,"column":3}},"23":{"start":{"line":29,"column":2},"end":{"line":29,"column":59}}},"fnMap":{"0":{"name":"(anonymous_1)","decl":{"start":{"line":16,"column":15},"end":{"line":16,"column":16}},"loc":{"start":{"line":16,"column":26},"end":{"line":16,"column":46}}},"1":{"name":"(anonymous_2)","decl":{"start":{"line":17,"column":16},"end":{"line":17,"column":19}},"loc":{"start":{"line":17,"column":22},"end":{"line":17,"column":58}}},"2":{"name":"(anonymous_3)","decl":{"start":{"line":28,"column":17},"end":{"line":28,"column":20}},"loc":{"start":{"line":28,"column":22},"end":{"line":30,"column":1}}}},"branchMap":{},"s":{"0":2,"1":2,"2":2,"3":2,"4":2,"5":2,"6":2,"7":2,"8":2,"9":2,"10":2,"11":2,"12":2,"13":0,"14":2,"15":2,"16":2,"17":2,"18":2,"19":2,"20":2,"21":2,"22":2,"23":1},"f":{"0":0,"1":2,"2":1},"b":{}}
,"C:\\Users\\kfir2\\Desktop\\Colman\\Eliav\\Assi01\\Web_Class_01\\controllers\\comments_controller.ts": {"path":"C:\\Users\\kfir2\\Desktop\\Colman\\Eliav\\Assi01\\Web_Class_01\\controllers\\comments_controller.ts","statementMap":{"0":{"start":{"line":1,"column":0},"end":{"line":1,"column":53}},"1":{"start":{"line":3,"column":28},"end":{"line":15,"column":2}},"2":{"start":{"line":3,"column":47},"end":{"line":15,"column":2}},"3":{"start":{"line":4,"column":17},"end":{"line":4,"column":30}},"4":{"start":{"line":5,"column":2},"end":{"line":14,"column":3}},"5":{"start":{"line":6,"column":21},"end":{"line":6,"column":65}},"6":{"start":{"line":7,"column":4},"end":{"line":11,"column":5}},"7":{"start":{"line":8,"column":6},"end":{"line":8,"column":25}},"8":{"start":{"line":10,"column":6},"end":{"line":10,"column":45}},"9":{"start":{"line":13,"column":4},"end":{"line":13,"column":40}},"10":{"start":{"line":17,"column":23},"end":{"line":29,"column":2}},"11":{"start":{"line":17,"column":42},"end":{"line":29,"column":2}},"12":{"start":{"line":18,"column":20},"end":{"line":18,"column":33}},"13":{"start":{"line":19,"column":2},"end":{"line":28,"column":3}},"14":{"start":{"line":20,"column":20},"end":{"line":20,"column":59}},"15":{"start":{"line":21,"column":4},"end":{"line":25,"column":5}},"16":{"start":{"line":22,"column":6},"end":{"line":22,"column":24}},"17":{"start":{"line":24,"column":6},"end":{"line":24,"column":48}},"18":{"start":{"line":27,"column":4},"end":{"line":27,"column":40}},"19":{"start":{"line":31,"column":22},"end":{"line":39,"column":2}},"20":{"start":{"line":31,"column":41},"end":{"line":39,"column":2}},"21":{"start":{"line":32,"column":22},"end":{"line":32,"column":30}},"22":{"start":{"line":33,"column":2},"end":{"line":38,"column":3}},"23":{"start":{"line":34,"column":20},"end":{"line":34,"column":59}},"24":{"start":{"line":35,"column":4},"end":{"line":35,"column":34}},"25":{"start":{"line":37,"column":4},"end":{"line":37,"column":40}},"26":{"start":{"line":41,"column":26},"end":{"line":49,"column":2}},"27":{"start":{"line":41,"column":45},"end":{"line":49,"column":2}},"28":{"start":{"line":42,"column":20},"end":{"line":42,"column":33}},"29":{"start":{"line":43,"column":2},"end":{"line":48,"column":3}},"30":{"start":{"line":44,"column":20},"end":{"line":44,"column":68}},"31":{"start":{"line":45,"column":4},"end":{"line":45,"column":34}},"32":{"start":{"line":47,"column":4},"end":{"line":47,"column":40}},"33":{"start":{"line":51,"column":26},"end":{"line":61,"column":2}},"34":{"start":{"line":51,"column":45},"end":{"line":61,"column":2}},"35":{"start":{"line":52,"column":20},"end":{"line":52,"column":33}},"36":{"start":{"line":53,"column":22},"end":{"line":53,"column":30}},"37":{"start":{"line":55,"column":2},"end":{"line":60,"column":3}},"38":{"start":{"line":56,"column":4},"end":{"line":56,"column":66}},"39":{"start":{"line":57,"column":4},"end":{"line":57,"column":44}},"40":{"start":{"line":59,"column":4},"end":{"line":59,"column":40}},"41":{"start":{"line":63,"column":0},"end":{"line":69,"column":2}}},"fnMap":{"0":{"name":"(anonymous_8)","decl":{"start":{"line":3,"column":28},"end":{"line":3,"column":35}},"loc":{"start":{"line":3,"column":47},"end":{"line":15,"column":2}}},"1":{"name":"(anonymous_9)","decl":{"start":{"line":3,"column":47},"end":{"line":3,"column":null}},"loc":{"start":{"line":3,"column":47},"end":{"line":15,"column":1}}},"2":{"name":"(anonymous_10)","decl":{"start":{"line":17,"column":23},"end":{"line":17,"column":30}},"loc":{"start":{"line":17,"column":42},"end":{"line":29,"column":2}}},"3":{"name":"(anonymous_11)","decl":{"start":{"line":17,"column":42},"end":{"line":17,"column":null}},"loc":{"start":{"line":17,"column":42},"end":{"line":29,"column":1}}},"4":{"name":"(anonymous_12)","decl":{"start":{"line":31,"column":22},"end":{"line":31,"column":29}},"loc":{"start":{"line":31,"column":41},"end":{"line":39,"column":2}}},"5":{"name":"(anonymous_13)","decl":{"start":{"line":31,"column":41},"end":{"line":31,"column":null}},"loc":{"start":{"line":31,"column":41},"end":{"line":39,"column":1}}},"6":{"name":"(anonymous_14)","decl":{"start":{"line":41,"column":26},"end":{"line":41,"column":33}},"loc":{"start":{"line":41,"column":45},"end":{"line":49,"column":2}}},"7":{"name":"(anonymous_15)","decl":{"start":{"line":41,"column":45},"end":{"line":41,"column":null}},"loc":{"start":{"line":41,"column":45},"end":{"line":49,"column":1}}},"8":{"name":"(anonymous_16)","decl":{"start":{"line":51,"column":26},"end":{"line":51,"column":33}},"loc":{"start":{"line":51,"column":45},"end":{"line":61,"column":2}}},"9":{"name":"(anonymous_17)","decl":{"start":{"line":51,"column":45},"end":{"line":51,"column":null}},"loc":{"start":{"line":51,"column":45},"end":{"line":61,"column":1}}}},"branchMap":{"0":{"loc":{"start":{"line":7,"column":4},"end":{"line":11,"column":5}},"type":"if","locations":[{"start":{"line":7,"column":4},"end":{"line":11,"column":5}},{"start":{"line":9,"column":11},"end":{"line":11,"column":5}}]},"1":{"loc":{"start":{"line":21,"column":4},"end":{"line":25,"column":5}},"type":"if","locations":[{"start":{"line":21,"column":4},"end":{"line":25,"column":5}},{"start":{"line":23,"column":11},"end":{"line":25,"column":5}}]}},"s":{"0":2,"1":2,"2":2,"3":2,"4":2,"5":2,"6":2,"7":2,"8":0,"9":0,"10":2,"11":2,"12":2,"13":2,"14":2,"15":1,"16":1,"17":0,"18":1,"19":2,"20":4,"21":4,"22":4,"23":4,"24":3,"25":1,"26":2,"27":2,"28":2,"29":2,"30":2,"31":1,"32":1,"33":2,"34":2,"35":2,"36":2,"37":2,"38":2,"39":1,"40":1,"41":2},"f":{"0":2,"1":2,"2":2,"3":2,"4":4,"5":4,"6":2,"7":2,"8":2,"9":2},"b":{"0":[2,0],"1":[1,0]}}
,"C:\\Users\\kfir2\\Desktop\\Colman\\Eliav\\Assi01\\Web_Class_01\\controllers\\posts_controller.ts": {"path":"C:\\Users\\kfir2\\Desktop\\Colman\\Eliav\\Assi01\\Web_Class_01\\controllers\\posts_controller.ts","statementMap":{"0":{"start":{"line":1,"column":0},"end":{"line":1,"column":46}},"1":{"start":{"line":3,"column":20},"end":{"line":10,"column":2}},"2":{"start":{"line":3,"column":39},"end":{"line":10,"column":2}},"3":{"start":{"line":4,"column":2},"end":{"line":9,"column":3}},"4":{"start":{"line":5,"column":18},"end":{"line":5,"column":40}},"5":{"start":{"line":6,"column":4},"end":{"line":6,"column":20}},"6":{"start":{"line":8,"column":4},"end":{"line":8,"column":40}},"7":{"start":{"line":12,"column":19},"end":{"line":20,"column":2}},"8":{"start":{"line":12,"column":38},"end":{"line":20,"column":2}},"9":{"start":{"line":13,"column":19},"end":{"line":13,"column":27}},"10":{"start":{"line":14,"column":2},"end":{"line":19,"column":3}},"11":{"start":{"line":15,"column":17},"end":{"line":15,"column":49}},"12":{"start":{"line":16,"column":4},"end":{"line":16,"column":31}},"13":{"start":{"line":18,"column":4},"end":{"line":18,"column":40}},"14":{"start":{"line":22,"column":20},"end":{"line":35,"column":2}},"15":{"start":{"line":22,"column":39},"end":{"line":35,"column":2}},"16":{"start":{"line":23,"column":17},"end":{"line":23,"column":30}},"17":{"start":{"line":25,"column":2},"end":{"line":34,"column":3}},"18":{"start":{"line":26,"column":17},"end":{"line":26,"column":49}},"19":{"start":{"line":27,"column":4},"end":{"line":31,"column":5}},"20":{"start":{"line":28,"column":6},"end":{"line":28,"column":21}},"21":{"start":{"line":30,"column":6},"end":{"line":30,"column":45}},"22":{"start":{"line":33,"column":4},"end":{"line":33,"column":40}},"23":{"start":{"line":37,"column":30},"end":{"line":50,"column":2}},"24":{"start":{"line":37,"column":49},"end":{"line":50,"column":2}},"25":{"start":{"line":38,"column":17},"end":{"line":38,"column":33}},"26":{"start":{"line":40,"column":2},"end":{"line":49,"column":3}},"27":{"start":{"line":41,"column":18},"end":{"line":41,"column":60}},"28":{"start":{"line":42,"column":4},"end":{"line":46,"column":5}},"29":{"start":{"line":43,"column":6},"end":{"line":43,"column":45}},"30":{"start":{"line":45,"column":6},"end":{"line":45,"column":22}},"31":{"start":{"line":48,"column":4},"end":{"line":48,"column":40}},"32":{"start":{"line":52,"column":23},"end":{"line":62,"column":2}},"33":{"start":{"line":52,"column":42},"end":{"line":62,"column":2}},"34":{"start":{"line":53,"column":17},"end":{"line":53,"column":30}},"35":{"start":{"line":54,"column":19},"end":{"line":54,"column":27}},"36":{"start":{"line":56,"column":2},"end":{"line":61,"column":3}},"37":{"start":{"line":57,"column":4},"end":{"line":57,"column":56}},"38":{"start":{"line":58,"column":4},"end":{"line":58,"column":41}},"39":{"start":{"line":60,"column":4},"end":{"line":60,"column":40}},"40":{"start":{"line":64,"column":0},"end":{"line":70,"column":2}}},"fnMap":{"0":{"name":"(anonymous_8)","decl":{"start":{"line":3,"column":20},"end":{"line":3,"column":27}},"loc":{"start":{"line":3,"column":39},"end":{"line":10,"column":2}}},"1":{"name":"(anonymous_9)","decl":{"start":{"line":3,"column":39},"end":{"line":3,"column":null}},"loc":{"start":{"line":3,"column":39},"end":{"line":10,"column":1}}},"2":{"name":"(anonymous_10)","decl":{"start":{"line":12,"column":19},"end":{"line":12,"column":26}},"loc":{"start":{"line":12,"column":38},"end":{"line":20,"column":2}}},"3":{"name":"(anonymous_11)","decl":{"start":{"line":12,"column":38},"end":{"line":12,"column":null}},"loc":{"start":{"line":12,"column":38},"end":{"line":20,"column":1}}},"4":{"name":"(anonymous_12)","decl":{"start":{"line":22,"column":20},"end":{"line":22,"column":27}},"loc":{"start":{"line":22,"column":39},"end":{"line":35,"column":2}}},"5":{"name":"(anonymous_13)","decl":{"start":{"line":22,"column":39},"end":{"line":22,"column":null}},"loc":{"start":{"line":22,"column":39},"end":{"line":35,"column":1}}},"6":{"name":"(anonymous_14)","decl":{"start":{"line":37,"column":30},"end":{"line":37,"column":37}},"loc":{"start":{"line":37,"column":49},"end":{"line":50,"column":2}}},"7":{"name":"(anonymous_15)","decl":{"start":{"line":37,"column":49},"end":{"line":37,"column":null}},"loc":{"start":{"line":37,"column":49},"end":{"line":50,"column":1}}},"8":{"name":"(anonymous_16)","decl":{"start":{"line":52,"column":23},"end":{"line":52,"column":30}},"loc":{"start":{"line":52,"column":42},"end":{"line":62,"column":2}}},"9":{"name":"(anonymous_17)","decl":{"start":{"line":52,"column":42},"end":{"line":52,"column":null}},"loc":{"start":{"line":52,"column":42},"end":{"line":62,"column":1}}}},"branchMap":{"0":{"loc":{"start":{"line":27,"column":4},"end":{"line":31,"column":5}},"type":"if","locations":[{"start":{"line":27,"column":4},"end":{"line":31,"column":5}},{"start":{"line":29,"column":11},"end":{"line":31,"column":5}}]},"1":{"loc":{"start":{"line":42,"column":4},"end":{"line":46,"column":5}},"type":"if","locations":[{"start":{"line":42,"column":4},"end":{"line":46,"column":5}},{"start":{"line":44,"column":11},"end":{"line":46,"column":5}}]}},"s":{"0":2,"1":2,"2":2,"3":2,"4":2,"5":2,"6":0,"7":2,"8":3,"9":3,"10":3,"11":3,"12":2,"13":1,"14":2,"15":2,"16":2,"17":2,"18":2,"19":1,"20":1,"21":0,"22":1,"23":2,"24":2,"25":2,"26":2,"27":2,"28":2,"29":1,"30":1,"31":0,"32":2,"33":2,"34":2,"35":2,"36":2,"37":2,"38":1,"39":1,"40":2},"f":{"0":2,"1":2,"2":3,"3":3,"4":2,"5":2,"6":2,"7":2,"8":2,"9":2},"b":{"0":[1,0],"1":[1,1]}}
,"C:\\Users\\kfir2\\Desktop\\Colman\\Eliav\\Assi01\\Web_Class_01\\controllers\\users_controller.ts": {"path":"C:\\Users\\kfir2\\Desktop\\Colman\\Eliav\\Assi01\\Web_Class_01\\controllers\\users_controller.ts","statementMap":{"0":{"start":{"line":1,"column":0},"end":{"line":1,"column":47}},"1":{"start":{"line":3,"column":20},"end":{"line":10,"column":2}},"2":{"start":{"line":3,"column":39},"end":{"line":10,"column":2}},"3":{"start":{"line":4,"column":2},"end":{"line":9,"column":3}},"4":{"start":{"line":5,"column":18},"end":{"line":5,"column":41}},"5":{"start":{"line":6,"column":4},"end":{"line":6,"column":20}},"6":{"start":{"line":8,"column":4},"end":{"line":8,"column":40}},"7":{"start":{"line":12,"column":20},"end":{"line":25,"column":2}},"8":{"start":{"line":12,"column":39},"end":{"line":25,"column":2}},"9":{"start":{"line":13,"column":17},"end":{"line":13,"column":30}},"10":{"start":{"line":15,"column":2},"end":{"line":24,"column":3}},"11":{"start":{"line":16,"column":17},"end":{"line":16,"column":50}},"12":{"start":{"line":17,"column":4},"end":{"line":21,"column":5}},"13":{"start":{"line":18,"column":6},"end":{"line":18,"column":21}},"14":{"start":{"line":20,"column":6},"end":{"line":20,"column":45}},"15":{"start":{"line":23,"column":4},"end":{"line":23,"column":40}},"16":{"start":{"line":27,"column":19},"end":{"line":35,"column":2}},"17":{"start":{"line":27,"column":38},"end":{"line":35,"column":2}},"18":{"start":{"line":28,"column":19},"end":{"line":28,"column":27}},"19":{"start":{"line":29,"column":2},"end":{"line":34,"column":3}},"20":{"start":{"line":30,"column":17},"end":{"line":30,"column":50}},"21":{"start":{"line":31,"column":4},"end":{"line":31,"column":31}},"22":{"start":{"line":33,"column":4},"end":{"line":33,"column":40}},"23":{"start":{"line":37,"column":23},"end":{"line":47,"column":2}},"24":{"start":{"line":37,"column":42},"end":{"line":47,"column":2}},"25":{"start":{"line":38,"column":17},"end":{"line":38,"column":30}},"26":{"start":{"line":39,"column":19},"end":{"line":39,"column":27}},"27":{"start":{"line":41,"column":2},"end":{"line":46,"column":3}},"28":{"start":{"line":42,"column":4},"end":{"line":42,"column":57}},"29":{"start":{"line":43,"column":4},"end":{"line":43,"column":20}},"30":{"start":{"line":45,"column":4},"end":{"line":45,"column":40}},"31":{"start":{"line":49,"column":23},"end":{"line":58,"column":2}},"32":{"start":{"line":49,"column":42},"end":{"line":58,"column":2}},"33":{"start":{"line":50,"column":17},"end":{"line":50,"column":30}},"34":{"start":{"line":52,"column":2},"end":{"line":57,"column":3}},"35":{"start":{"line":53,"column":4},"end":{"line":53,"column":47}},"36":{"start":{"line":54,"column":4},"end":{"line":54,"column":20}},"37":{"start":{"line":56,"column":4},"end":{"line":56,"column":40}},"38":{"start":{"line":60,"column":0},"end":{"line":66,"column":2}}},"fnMap":{"0":{"name":"(anonymous_8)","decl":{"start":{"line":3,"column":20},"end":{"line":3,"column":27}},"loc":{"start":{"line":3,"column":39},"end":{"line":10,"column":2}}},"1":{"name":"(anonymous_9)","decl":{"start":{"line":3,"column":39},"end":{"line":3,"column":null}},"loc":{"start":{"line":3,"column":39},"end":{"line":10,"column":1}}},"2":{"name":"(anonymous_10)","decl":{"start":{"line":12,"column":20},"end":{"line":12,"column":27}},"loc":{"start":{"line":12,"column":39},"end":{"line":25,"column":2}}},"3":{"name":"(anonymous_11)","decl":{"start":{"line":12,"column":39},"end":{"line":12,"column":null}},"loc":{"start":{"line":12,"column":39},"end":{"line":25,"column":1}}},"4":{"name":"(anonymous_12)","decl":{"start":{"line":27,"column":19},"end":{"line":27,"column":26}},"loc":{"start":{"line":27,"column":38},"end":{"line":35,"column":2}}},"5":{"name":"(anonymous_13)","decl":{"start":{"line":27,"column":38},"end":{"line":27,"column":null}},"loc":{"start":{"line":27,"column":38},"end":{"line":35,"column":1}}},"6":{"name":"(anonymous_14)","decl":{"start":{"line":37,"column":23},"end":{"line":37,"column":30}},"loc":{"start":{"line":37,"column":42},"end":{"line":47,"column":2}}},"7":{"name":"(anonymous_15)","decl":{"start":{"line":37,"column":42},"end":{"line":37,"column":null}},"loc":{"start":{"line":37,"column":42},"end":{"line":47,"column":1}}},"8":{"name":"(anonymous_16)","decl":{"start":{"line":49,"column":23},"end":{"line":49,"column":30}},"loc":{"start":{"line":49,"column":42},"end":{"line":58,"column":2}}},"9":{"name":"(anonymous_17)","decl":{"start":{"line":49,"column":42},"end":{"line":49,"column":null}},"loc":{"start":{"line":49,"column":42},"end":{"line":58,"column":1}}}},"branchMap":{"0":{"loc":{"start":{"line":17,"column":4},"end":{"line":21,"column":5}},"type":"if","locations":[{"start":{"line":17,"column":4},"end":{"line":21,"column":5}},{"start":{"line":19,"column":11},"end":{"line":21,"column":5}}]}},"s":{"0":2,"1":2,"2":0,"3":0,"4":0,"5":0,"6":0,"7":2,"8":0,"9":0,"10":0,"11":0,"12":0,"13":0,"14":0,"15":0,"16":2,"17":0,"18":0,"19":0,"20":0,"21":0,"22":0,"23":2,"24":0,"25":0,"26":0,"27":0,"28":0,"29":0,"30":0,"31":2,"32":0,"33":0,"34":0,"35":0,"36":0,"37":0,"38":2},"f":{"0":0,"1":0,"2":0,"3":0,"4":0,"5":0,"6":0,"7":0,"8":0,"9":0},"b":{"0":[0,0]}}
,"C:\\Users\\kfir2\\Desktop\\Colman\\Eliav\\Assi01\\Web_Class_01\\models\\comments_model.ts": {"path":"C:\\Users\\kfir2\\Desktop\\Colman\\Eliav\\Assi01\\Web_Class_01\\models\\comments_model.ts","statementMap":{"0":{"start":{"line":1,"column":0},"end":{"line":1,"column":32}},"1":{"start":{"line":3,"column":23},"end":{"line":16,"column":2}},"2":{"start":{"line":18,"column":22},"end":{"line":18,"column":64}},"3":{"start":{"line":20,"column":0},"end":{"line":20,"column":29}}},"fnMap":{},"branchMap":{},"s":{"0":2,"1":2,"2":2,"3":2},"f":{},"b":{}}
,"C:\\Users\\kfir2\\Desktop\\Colman\\Eliav\\Assi01\\Web_Class_01\\models\\posts_model.ts": {"path":"C:\\Users\\kfir2\\Desktop\\Colman\\Eliav\\Assi01\\Web_Class_01\\models\\posts_model.ts","statementMap":{"0":{"start":{"line":1,"column":0},"end":{"line":1,"column":32}},"1":{"start":{"line":3,"column":19},"end":{"line":13,"column":2}},"2":{"start":{"line":15,"column":18},"end":{"line":15,"column":53}},"3":{"start":{"line":17,"column":0},"end":{"line":17,"column":25}}},"fnMap":{},"branchMap":{},"s":{"0":2,"1":2,"2":2,"3":2},"f":{},"b":{}}
,"C:\\Users\\kfir2\\Desktop\\Colman\\Eliav\\Assi01\\Web_Class_01\\models\\users_model.ts": {"path":"C:\\Users\\kfir2\\Desktop\\Colman\\Eliav\\Assi01\\Web_Class_01\\models\\users_model.ts","statementMap":{"0":{"start":{"line":1,"column":0},"end":{"line":1,"column":32}},"1":{"start":{"line":3,"column":20},"end":{"line":16,"column":2}},"2":{"start":{"line":18,"column":19},"end":{"line":18,"column":55}},"3":{"start":{"line":20,"column":0},"end":{"line":20,"column":26}}},"fnMap":{},"branchMap":{},"s":{"0":2,"1":2,"2":2,"3":2},"f":{},"b":{}}
,"C:\\Users\\kfir2\\Desktop\\Colman\\Eliav\\Assi01\\Web_Class_01\\routes\\comments_route.ts": {"path":"C:\\Users\\kfir2\\Desktop\\Colman\\Eliav\\Assi01\\Web_Class_01\\routes\\comments_route.ts","statementMap":{"0":{"start":{"line":1,"column":0},"end":{"line":1,"column":30}},"1":{"start":{"line":2,"column":0},"end":{"line":2,"column":57}},"2":{"start":{"line":4,"column":15},"end":{"line":4,"column":31}},"3":{"start":{"line":6,"column":0},"end":{"line":6,"column":43}},"4":{"start":{"line":7,"column":0},"end":{"line":7,"column":53}},"5":{"start":{"line":8,"column":0},"end":{"line":8,"column":40}},"6":{"start":{"line":9,"column":0},"end":{"line":9,"column":49}},"7":{"start":{"line":10,"column":0},"end":{"line":10,"column":46}},"8":{"start":{"line":12,"column":0},"end":{"line":12,"column":22}}},"fnMap":{},"branchMap":{},"s":{"0":2,"1":2,"2":2,"3":2,"4":2,"5":2,"6":2,"7":2,"8":2},"f":{},"b":{}}
,"C:\\Users\\kfir2\\Desktop\\Colman\\Eliav\\Assi01\\Web_Class_01\\routes\\posts_route.ts": {"path":"C:\\Users\\kfir2\\Desktop\\Colman\\Eliav\\Assi01\\Web_Class_01\\routes\\posts_route.ts","statementMap":{"0":{"start":{"line":1,"column":0},"end":{"line":1,"column":30}},"1":{"start":{"line":2,"column":15},"end":{"line":2,"column":31}},"2":{"start":{"line":3,"column":0},"end":{"line":3,"column":62}},"3":{"start":{"line":5,"column":0},"end":{"line":5,"column":48}},"4":{"start":{"line":7,"column":0},"end":{"line":7,"column":45}},"5":{"start":{"line":9,"column":0},"end":{"line":9,"column":48}},"6":{"start":{"line":11,"column":0},"end":{"line":11,"column":55}},"7":{"start":{"line":13,"column":0},"end":{"line":13,"column":51}},"8":{"start":{"line":15,"column":0},"end":{"line":15,"column":22}}},"fnMap":{},"branchMap":{},"s":{"0":2,"1":2,"2":2,"3":2,"4":2,"5":2,"6":2,"7":2,"8":2},"f":{},"b":{}}
,"C:\\Users\\kfir2\\Desktop\\Colman\\Eliav\\Assi01\\Web_Class_01\\routes\\users_route.ts": {"path":"C:\\Users\\kfir2\\Desktop\\Colman\\Eliav\\Assi01\\Web_Class_01\\routes\\users_route.ts","statementMap":{"0":{"start":{"line":1,"column":0},"end":{"line":1,"column":30}},"1":{"start":{"line":2,"column":15},"end":{"line":2,"column":31}},"2":{"start":{"line":3,"column":0},"end":{"line":3,"column":62}},"3":{"start":{"line":5,"column":0},"end":{"line":5,"column":48}},"4":{"start":{"line":7,"column":0},"end":{"line":7,"column":48}},"5":{"start":{"line":9,"column":0},"end":{"line":9,"column":45}},"6":{"start":{"line":11,"column":0},"end":{"line":11,"column":51}},"7":{"start":{"line":13,"column":0},"end":{"line":13,"column":54}},"8":{"start":{"line":15,"column":0},"end":{"line":15,"column":22}}},"fnMap":{},"branchMap":{},"s":{"0":2,"1":2,"2":2,"3":2,"4":2,"5":2,"6":2,"7":2,"8":2},"f":{},"b":{}}
}
