TN:
SF:server.ts
FN:19,(anonymous_1)
FN:20,(anonymous_2)
FN:30,(anonymous_3)
FN:48,(anonymous_4)
FN:49,(anonymous_5)
FN:52,(anonymous_6)
FN:55,(anonymous_7)
FNF:7
FNH:4
FNDA:0,(anonymous_1)
FNDA:4,(anonymous_2)
FNDA:0,(anonymous_3)
FNDA:4,(anonymous_4)
FNDA:4,(anonymous_5)
FNDA:4,(anonymous_6)
FNDA:0,(anonymous_7)
DA:1,4
DA:2,4
DA:3,4
DA:4,4
DA:5,4
DA:6,4
DA:7,4
DA:8,4
DA:9,4
DA:10,4
DA:12,4
DA:13,4
DA:14,4
DA:16,4
DA:17,4
DA:19,4
DA:20,4
DA:22,4
DA:23,4
DA:25,4
DA:26,4
DA:27,4
DA:28,4
DA:30,4
DA:31,0
DA:43,0
DA:44,0
DA:48,4
DA:49,4
DA:50,4
DA:53,4
DA:56,0
LF:32
LH:28
BRF:0
BRH:0
end_of_record
TN:
SF:controllers\auth_controller.ts
FN:6,(anonymous_8)
FN:6,(anonymous_9)
FN:22,(anonymous_10)
FN:22,(anonymous_11)
FN:61,(anonymous_12)
FN:61,(anonymous_13)
FN:71,(anonymous_14)
FN:71,(anonymous_15)
FNF:8
FNH:8
FNDA:5,(anonymous_8)
FNDA:5,(anonymous_9)
FNDA:8,(anonymous_10)
FNDA:8,(anonymous_11)
FNDA:2,(anonymous_12)
FNDA:2,(anonymous_13)
FNDA:3,(anonymous_14)
FNDA:3,(anonymous_15)
DA:2,4
DA:3,4
DA:4,4
DA:6,5
DA:7,5
DA:8,5
DA:9,5
DA:10,5
DA:11,4
DA:16,4
DA:18,1
DA:22,8
DA:23,8
DA:24,8
DA:25,8
DA:26,1
DA:27,1
DA:29,7
DA:33,7
DA:34,1
DA:35,1
DA:37,6
DA:38,1
DA:39,1
DA:41,5
DA:42,5
DA:43,0
DA:44,0
DA:46,5
DA:47,0
DA:49,5
DA:50,5
DA:51,5
DA:57,0
DA:61,4
DA:62,2
DA:63,2
DA:64,1
DA:65,1
DA:67,1
DA:71,4
DA:72,3
DA:73,3
DA:74,1
DA:75,0
DA:76,0
DA:78,1
DA:79,1
DA:80,0
DA:81,0
DA:83,1
DA:84,0
DA:86,1
DA:87,1
DA:88,1
DA:94,2
DA:98,4
LF:57
LH:48
BRDA:25,0,0,1
BRDA:33,1,0,1
BRDA:37,2,0,1
BRDA:42,3,0,0
BRDA:46,4,0,0
BRDA:74,5,0,0
BRDA:79,6,0,0
BRDA:83,7,0,0
BRF:8
BRH:3
end_of_record
TN:
SF:controllers\comments_controller.ts
FN:3,(anonymous_8)
FN:3,(anonymous_9)
FN:17,(anonymous_10)
FN:17,(anonymous_11)
FN:31,(anonymous_12)
FN:31,(anonymous_13)
FN:41,(anonymous_14)
FN:41,(anonymous_15)
FN:51,(anonymous_16)
FN:51,(anonymous_17)
FNF:10
FNH:10
FNDA:2,(anonymous_8)
FNDA:2,(anonymous_9)
FNDA:2,(anonymous_10)
FNDA:2,(anonymous_11)
FNDA:4,(anonymous_12)
FNDA:4,(anonymous_13)
FNDA:2,(anonymous_14)
FNDA:2,(anonymous_15)
FNDA:2,(anonymous_16)
FNDA:2,(anonymous_17)
DA:1,4
DA:3,4
DA:4,2
DA:5,2
DA:6,2
DA:7,2
DA:8,1
DA:10,1
DA:13,0
DA:17,4
DA:18,2
DA:19,2
DA:20,2
DA:21,1
DA:22,1
DA:24,0
DA:27,1
DA:31,4
DA:32,4
DA:33,4
DA:34,4
DA:35,3
DA:37,1
DA:41,4
DA:42,2
DA:43,2
DA:44,2
DA:45,1
DA:47,1
DA:51,4
DA:52,2
DA:53,2
DA:55,2
DA:56,2
DA:60,1
DA:61,0
DA:64,1
DA:67,1
DA:71,4
LF:39
LH:36
BRDA:7,0,0,1
BRDA:7,0,1,1
BRDA:7,1,0,2
BRDA:7,1,1,2
BRDA:21,2,0,1
BRDA:21,2,1,0
BRDA:60,3,0,0
BRF:7
BRH:5
end_of_record
TN:
SF:controllers\posts_controller.ts
FN:3,(anonymous_8)
FN:3,(anonymous_9)
FN:12,(anonymous_10)
FN:12,(anonymous_11)
FN:22,(anonymous_12)
FN:22,(anonymous_13)
FN:37,(anonymous_14)
FN:37,(anonymous_15)
FN:52,(anonymous_16)
FN:52,(anonymous_17)
FNF:10
FNH:10
FNDA:2,(anonymous_8)
FNDA:2,(anonymous_9)
FNDA:3,(anonymous_10)
FNDA:3,(anonymous_11)
FNDA:2,(anonymous_12)
FNDA:2,(anonymous_13)
FNDA:2,(anonymous_14)
FNDA:2,(anonymous_15)
FNDA:2,(anonymous_16)
FNDA:2,(anonymous_17)
DA:1,4
DA:3,4
DA:4,2
DA:5,2
DA:6,2
DA:8,0
DA:12,4
DA:13,3
DA:14,3
DA:15,3
DA:16,2
DA:18,1
DA:22,4
DA:23,2
DA:25,2
DA:26,2
DA:27,1
DA:28,1
DA:30,0
DA:33,1
DA:37,4
DA:38,2
DA:40,2
DA:41,2
DA:42,2
DA:43,1
DA:45,1
DA:48,0
DA:52,4
DA:53,2
DA:54,2
DA:56,2
DA:57,2
DA:58,1
DA:60,1
DA:64,4
LF:36
LH:33
BRDA:27,0,0,1
BRDA:27,0,1,0
BRDA:42,1,0,1
BRDA:42,1,1,1
BRF:4
BRH:3
end_of_record
TN:
SF:controllers\users_controller.ts
FN:3,(anonymous_8)
FN:3,(anonymous_9)
FN:12,(anonymous_10)
FN:12,(anonymous_11)
FN:27,(anonymous_12)
FN:27,(anonymous_13)
FN:37,(anonymous_14)
FN:37,(anonymous_15)
FN:53,(anonymous_16)
FN:53,(anonymous_17)
FNF:10
FNH:10
FNDA:1,(anonymous_8)
FNDA:1,(anonymous_9)
FNDA:2,(anonymous_10)
FNDA:2,(anonymous_11)
FNDA:2,(anonymous_12)
FNDA:2,(anonymous_13)
FNDA:2,(anonymous_14)
FNDA:2,(anonymous_15)
FNDA:2,(anonymous_16)
FNDA:2,(anonymous_17)
DA:1,4
DA:3,4
DA:4,1
DA:5,1
DA:6,1
DA:8,0
DA:12,4
DA:13,2
DA:15,2
DA:16,2
DA:17,1
DA:18,1
DA:20,0
DA:23,1
DA:27,4
DA:28,2
DA:29,2
DA:30,2
DA:31,1
DA:33,1
DA:37,4
DA:38,2
DA:39,2
DA:41,2
DA:42,2
DA:43,1
DA:44,0
DA:46,1
DA:49,1
DA:53,4
DA:54,2
DA:56,2
DA:57,2
DA:58,1
DA:59,0
DA:61,1
DA:64,1
DA:68,4
LF:38
LH:34
BRDA:17,0,0,1
BRDA:17,0,1,0
BRDA:43,1,0,0
BRDA:43,1,1,1
BRDA:58,2,0,0
BRDA:58,2,1,1
BRF:6
BRH:3
end_of_record
TN:
SF:middlewares\auth.ts
FN:5,(anonymous_1)
FN:22,(anonymous_2)
FNF:2
FNH:2
FNDA:19,(anonymous_1)
FNDA:17,(anonymous_2)
DA:2,4
DA:5,4
DA:10,19
DA:11,19
DA:13,19
DA:14,1
DA:15,1
DA:17,18
DA:18,1
DA:19,1
DA:22,17
DA:23,17
DA:24,0
DA:25,0
DA:27,17
DA:28,17
LF:16
LH:14
BRDA:11,0,0,19
BRDA:11,0,1,18
BRDA:13,1,0,1
BRDA:17,2,0,1
BRDA:23,3,0,0
BRF:5
BRH:4
end_of_record
TN:
SF:models\comments_model.ts
FNF:0
FNH:0
DA:1,4
DA:3,4
DA:18,4
DA:20,4
LF:4
LH:4
BRF:0
BRH:0
end_of_record
TN:
SF:models\posts_model.ts
FNF:0
FNH:0
DA:1,4
DA:3,4
DA:15,4
DA:17,4
LF:4
LH:4
BRF:0
BRH:0
end_of_record
TN:
SF:models\users_model.ts
FNF:0
FNH:0
DA:1,4
DA:19,4
DA:38,4
DA:40,4
LF:4
LH:4
BRF:0
BRH:0
end_of_record
TN:
SF:routes\auth_route.ts
FNF:0
FNH:0
DA:1,4
DA:2,4
DA:4,4
DA:23,4
DA:47,4
DA:86,4
DA:115,4
DA:155,4
LF:8
LH:8
BRF:0
BRH:0
end_of_record
TN:
SF:routes\comments_route.ts
FNF:0
FNH:0
DA:1,4
DA:2,4
DA:3,4
DA:5,4
DA:67,4
DA:97,4
DA:127,4
DA:172,4
DA:200,4
DA:236,4
LF:10
LH:10
BRF:0
BRH:0
end_of_record
TN:
SF:routes\posts_route.ts
FNF:0
FNH:0
DA:1,4
DA:2,4
DA:3,4
DA:5,4
DA:66,4
DA:89,4
DA:133,4
DA:163,4
DA:196,4
DA:232,4
LF:10
LH:10
BRF:0
BRH:0
end_of_record
TN:
SF:routes\users_route.ts
FNF:0
FNH:0
DA:1,4
DA:2,4
DA:3,4
DA:5,4
DA:67,4
DA:90,4
DA:120,4
DA:163,4
DA:199,4
DA:227,4
LF:10
LH:10
BRF:0
BRH:0
end_of_record
TN:
SF:utils\auth.ts
FN:5,(anonymous_8)
FN:34,(anonymous_9)
FN:35,(anonymous_10)
FN:47,(anonymous_11)
FN:47,(anonymous_12)
FN:66,(anonymous_13)
FNF:6
FNH:6
FNDA:6,(anonymous_8)
FNDA:5,(anonymous_9)
FNDA:5,(anonymous_10)
FNDA:2,(anonymous_11)
FNDA:2,(anonymous_12)
FNDA:3,(anonymous_13)
DA:1,4
DA:3,4
DA:5,4
DA:6,6
DA:7,0
DA:10,6
DA:11,6
DA:20,6
DA:28,6
DA:34,4
DA:35,5
DA:36,5
DA:37,3
DA:38,3
DA:40,2
DA:41,0
DA:42,0
DA:44,2
DA:47,2
DA:48,2
DA:49,0
DA:50,0
DA:52,2
DA:53,2
DA:54,2
DA:55,2
DA:56,0
DA:57,0
DA:59,2
DA:60,0
DA:61,0
DA:62,0
DA:63,0
DA:65,2
DA:66,3
DA:68,2
DA:70,2
DA:72,0
DA:73,0
DA:80,4
LF:40
LH:27
BRDA:6,0,0,0
BRDA:36,1,0,3
BRDA:40,2,0,0
BRDA:48,3,0,0
BRDA:55,4,0,0
BRDA:59,5,0,0
BRDA:59,6,0,2
BRDA:59,6,1,2
BRF:8
BRH:3
end_of_record
