TN:
SF:server.ts
FN:19,(anonymous_1)
FN:20,(anonymous_2)
FN:30,(anonymous_3)
FN:49,(anonymous_4)
FN:50,(anonymous_5)
FN:53,(anonymous_6)
FN:56,(anonymous_7)
FNF:7
FNH:4
FNDA:0,(anonymous_1)
FNDA:2,(anonymous_2)
FNDA:0,(anonymous_3)
FNDA:2,(anonymous_4)
FNDA:2,(anonymous_5)
FNDA:2,(anonymous_6)
FNDA:0,(anonymous_7)
DA:1,2
DA:2,2
DA:3,2
DA:4,2
DA:5,2
DA:6,2
DA:7,2
DA:8,2
DA:9,2
DA:10,2
DA:12,2
DA:13,2
DA:14,2
DA:16,2
DA:17,2
DA:19,2
DA:20,2
DA:22,2
DA:23,2
DA:25,2
DA:26,2
DA:27,2
DA:28,2
DA:30,2
DA:31,0
DA:32,0
DA:44,0
DA:45,0
DA:49,2
DA:50,2
DA:51,2
DA:54,2
DA:57,0
LF:33
LH:28
BRDA:31,0,0,0
BRF:1
BRH:0
end_of_record
TN:
SF:controllers\auth_controller.ts
FN:6,(anonymous_8)
FN:6,(anonymous_9)
FN:22,(anonymous_10)
FN:22,(anonymous_11)
FN:61,(anonymous_12)
FN:61,(anonymous_13)
FN:71,(anonymous_14)
FN:71,(anonymous_15)
FNF:8
FNH:4
FNDA:2,(anonymous_8)
FNDA:2,(anonymous_9)
FNDA:2,(anonymous_10)
FNDA:2,(anonymous_11)
FNDA:0,(anonymous_12)
FNDA:0,(anonymous_13)
FNDA:0,(anonymous_14)
FNDA:0,(anonymous_15)
DA:2,2
DA:3,2
DA:4,2
DA:6,2
DA:7,2
DA:8,2
DA:9,2
DA:10,2
DA:11,2
DA:16,2
DA:18,0
DA:22,2
DA:23,2
DA:24,2
DA:25,2
DA:26,0
DA:27,0
DA:29,2
DA:33,2
DA:34,0
DA:35,0
DA:37,2
DA:38,0
DA:39,0
DA:41,2
DA:42,2
DA:43,0
DA:44,0
DA:46,2
DA:47,0
DA:49,2
DA:50,2
DA:51,2
DA:57,0
DA:61,2
DA:62,0
DA:63,0
DA:64,0
DA:65,0
DA:67,0
DA:71,2
DA:72,0
DA:73,0
DA:74,0
DA:75,0
DA:76,0
DA:78,0
DA:79,0
DA:80,0
DA:81,0
DA:83,0
DA:84,0
DA:86,0
DA:87,0
DA:88,0
DA:94,0
DA:98,2
LF:57
LH:26
BRDA:25,0,0,0
BRDA:33,1,0,0
BRDA:37,2,0,0
BRDA:42,3,0,0
BRDA:46,4,0,0
BRDA:74,5,0,0
BRDA:79,6,0,0
BRDA:83,7,0,0
BRF:8
BRH:0
end_of_record
TN:
SF:controllers\comments_controller.ts
FN:3,(anonymous_8)
FN:3,(anonymous_9)
FN:17,(anonymous_10)
FN:17,(anonymous_11)
FN:31,(anonymous_12)
FN:31,(anonymous_13)
FN:41,(anonymous_14)
FN:41,(anonymous_15)
FN:51,(anonymous_16)
FN:51,(anonymous_17)
FNF:10
FNH:10
FNDA:2,(anonymous_8)
FNDA:2,(anonymous_9)
FNDA:2,(anonymous_10)
FNDA:2,(anonymous_11)
FNDA:4,(anonymous_12)
FNDA:4,(anonymous_13)
FNDA:2,(anonymous_14)
FNDA:2,(anonymous_15)
FNDA:2,(anonymous_16)
FNDA:2,(anonymous_17)
DA:1,2
DA:3,2
DA:4,2
DA:5,2
DA:6,2
DA:7,2
DA:8,1
DA:10,1
DA:13,0
DA:17,2
DA:18,2
DA:19,2
DA:20,2
DA:21,1
DA:22,1
DA:24,0
DA:27,1
DA:31,4
DA:32,4
DA:33,4
DA:34,4
DA:35,3
DA:37,1
DA:41,2
DA:42,2
DA:43,2
DA:44,2
DA:45,1
DA:47,1
DA:51,2
DA:52,2
DA:53,2
DA:55,2
DA:56,2
DA:60,1
DA:61,0
DA:64,1
DA:67,1
DA:71,2
LF:39
LH:36
BRDA:7,0,0,1
BRDA:7,0,1,1
BRDA:7,1,0,2
BRDA:7,1,1,2
BRDA:21,2,0,1
BRDA:21,2,1,0
BRDA:60,3,0,0
BRF:7
BRH:5
end_of_record
TN:
SF:controllers\posts_controller.ts
FN:3,(anonymous_8)
FN:3,(anonymous_9)
FN:12,(anonymous_10)
FN:12,(anonymous_11)
FN:22,(anonymous_12)
FN:22,(anonymous_13)
FN:37,(anonymous_14)
FN:37,(anonymous_15)
FN:52,(anonymous_16)
FN:52,(anonymous_17)
FNF:10
FNH:10
FNDA:2,(anonymous_8)
FNDA:2,(anonymous_9)
FNDA:3,(anonymous_10)
FNDA:3,(anonymous_11)
FNDA:2,(anonymous_12)
FNDA:2,(anonymous_13)
FNDA:2,(anonymous_14)
FNDA:2,(anonymous_15)
FNDA:2,(anonymous_16)
FNDA:2,(anonymous_17)
DA:1,2
DA:3,2
DA:4,2
DA:5,2
DA:6,2
DA:8,0
DA:12,3
DA:13,3
DA:14,3
DA:15,3
DA:16,2
DA:18,1
DA:22,2
DA:23,2
DA:25,2
DA:26,2
DA:27,1
DA:28,1
DA:30,0
DA:33,1
DA:37,2
DA:38,2
DA:40,2
DA:41,2
DA:42,2
DA:43,1
DA:45,1
DA:48,0
DA:52,2
DA:53,2
DA:54,2
DA:56,2
DA:57,2
DA:58,1
DA:60,1
DA:64,2
LF:36
LH:33
BRDA:27,0,0,1
BRDA:27,0,1,0
BRDA:42,1,0,1
BRDA:42,1,1,1
BRF:4
BRH:3
end_of_record
TN:
SF:controllers\users_controller.ts
FN:3,(anonymous_8)
FN:3,(anonymous_9)
FN:12,(anonymous_10)
FN:12,(anonymous_11)
FN:27,(anonymous_12)
FN:27,(anonymous_13)
FN:37,(anonymous_14)
FN:37,(anonymous_15)
FN:49,(anonymous_16)
FN:49,(anonymous_17)
FNF:10
FNH:0
FNDA:0,(anonymous_8)
FNDA:0,(anonymous_9)
FNDA:0,(anonymous_10)
FNDA:0,(anonymous_11)
FNDA:0,(anonymous_12)
FNDA:0,(anonymous_13)
FNDA:0,(anonymous_14)
FNDA:0,(anonymous_15)
FNDA:0,(anonymous_16)
FNDA:0,(anonymous_17)
DA:1,2
DA:3,2
DA:4,0
DA:5,0
DA:6,0
DA:8,0
DA:12,2
DA:13,0
DA:15,0
DA:16,0
DA:17,0
DA:18,0
DA:20,0
DA:23,0
DA:27,2
DA:28,0
DA:29,0
DA:30,0
DA:31,0
DA:33,0
DA:37,2
DA:38,0
DA:39,0
DA:41,0
DA:42,0
DA:43,0
DA:45,0
DA:49,2
DA:50,0
DA:52,0
DA:53,0
DA:54,0
DA:56,0
DA:60,2
LF:34
LH:7
BRDA:17,0,0,0
BRDA:17,0,1,0
BRF:2
BRH:0
end_of_record
TN:
SF:middlewares\auth.ts
FN:5,(anonymous_1)
FN:22,(anonymous_2)
FNF:2
FNH:2
FNDA:13,(anonymous_1)
FNDA:13,(anonymous_2)
DA:2,2
DA:5,2
DA:10,13
DA:11,13
DA:13,13
DA:14,0
DA:15,0
DA:17,13
DA:18,0
DA:19,0
DA:22,13
DA:23,13
DA:24,0
DA:25,0
DA:27,13
DA:28,13
LF:16
LH:10
BRDA:11,0,0,13
BRDA:11,0,1,13
BRDA:13,1,0,0
BRDA:17,2,0,0
BRDA:23,3,0,0
BRF:5
BRH:2
end_of_record
TN:
SF:models\comments_model.ts
FNF:0
FNH:0
DA:1,2
DA:3,2
DA:18,2
DA:20,2
LF:4
LH:4
BRF:0
BRH:0
end_of_record
TN:
SF:models\posts_model.ts
FNF:0
FNH:0
DA:1,2
DA:3,2
DA:15,2
DA:17,2
LF:4
LH:4
BRF:0
BRH:0
end_of_record
TN:
SF:models\users_model.ts
FNF:0
FNH:0
DA:1,2
DA:19,2
DA:38,2
DA:40,2
LF:4
LH:4
BRF:0
BRH:0
end_of_record
TN:
SF:routes\auth_route.ts
FNF:0
FNH:0
DA:1,2
DA:2,2
DA:4,2
DA:23,2
DA:47,2
DA:86,2
DA:115,2
DA:155,2
LF:8
LH:8
BRF:0
BRH:0
end_of_record
TN:
SF:routes\comments_route.ts
FNF:0
FNH:0
DA:1,2
DA:2,2
DA:3,2
DA:5,2
DA:67,2
DA:97,2
DA:127,2
DA:172,2
DA:200,2
DA:236,2
LF:10
LH:10
BRF:0
BRH:0
end_of_record
TN:
SF:routes\posts_route.ts
FNF:0
FNH:0
DA:1,2
DA:2,2
DA:3,2
DA:5,2
DA:66,2
DA:89,2
DA:133,2
DA:163,2
DA:196,2
DA:232,2
LF:10
LH:10
BRF:0
BRH:0
end_of_record
TN:
SF:routes\users_route.ts
FNF:0
FNH:0
DA:1,2
DA:2,2
DA:3,2
DA:5,2
DA:67,2
DA:90,2
DA:120,2
DA:163,2
DA:199,2
DA:227,2
LF:10
LH:10
BRF:0
BRH:0
end_of_record
TN:
SF:utils\auth.ts
FN:5,(anonymous_8)
FN:34,(anonymous_9)
FN:35,(anonymous_10)
FN:47,(anonymous_11)
FN:47,(anonymous_12)
FN:66,(anonymous_13)
FNF:6
FNH:1
FNDA:2,(anonymous_8)
FNDA:0,(anonymous_9)
FNDA:0,(anonymous_10)
FNDA:0,(anonymous_11)
FNDA:0,(anonymous_12)
FNDA:0,(anonymous_13)
DA:1,2
DA:3,2
DA:5,2
DA:6,2
DA:7,0
DA:10,2
DA:11,2
DA:20,2
DA:28,2
DA:34,2
DA:35,0
DA:36,0
DA:37,0
DA:38,0
DA:40,0
DA:41,0
DA:42,0
DA:44,0
DA:47,0
DA:48,0
DA:49,0
DA:50,0
DA:52,0
DA:53,0
DA:54,0
DA:55,0
DA:56,0
DA:57,0
DA:59,0
DA:60,0
DA:61,0
DA:62,0
DA:63,0
DA:65,0
DA:66,0
DA:68,0
DA:70,0
DA:72,0
DA:73,0
DA:80,2
LF:40
LH:10
BRDA:6,0,0,0
BRDA:36,1,0,0
BRDA:40,2,0,0
BRDA:48,3,0,0
BRDA:55,4,0,0
BRDA:59,5,0,0
BRDA:59,6,0,0
BRDA:59,6,1,0
BRF:8
BRH:0
end_of_record
